### 12.04.2019 21:29:45
catalog


### 15.04.2019 20:48:51
index


### 15.04.2019 20:48:54
catalog


### 15.04.2019 20:48:58
product


### 15.04.2019 20:48:59
index


### 15.04.2019 20:49:04
catalog


### 15.04.2019 20:49:32
catalog


### 15.04.2019 20:49:35
index


### 15.04.2019 20:49:45
index


### 15.04.2019 20:49:51
index


### 15.04.2019 20:49:54
news


### 15.04.2019 20:50:25
news


### 15.04.2019 20:50:29
index


### 15.04.2019 20:50:41
news


### 15.04.2019 20:54:06
index


### 15.04.2019 20:54:13
index


### 15.04.2019 20:54:32
index


### 15.04.2019 20:54:38
index


### 15.04.2019 20:54:41
news


### 15.04.2019 20:55:47
index


### 15.04.2019 20:55:58
index


### 15.04.2019 20:56:06
index


### 15.04.2019 20:56:16
index


### 15.04.2019 20:56:55
index


### 15.04.2019 20:57:11
index


### 15.04.2019 20:57:16
index


### 15.04.2019 20:58:37
index


### 15.04.2019 20:58:46
news


### 15.04.2019 20:58:59
newss


### 15.04.2019 20:59:06
news


### 15.04.2019 20:59:11
news


### 15.04.2019 20:59:12
index


### 15.04.2019 20:59:13
news


### 15.04.2019 20:59:14
news


### 15.04.2019 20:59:15
news


### 15.04.2019 20:59:16
news


### 15.04.2019 20:59:18
news


### 15.04.2019 20:59:19
news


### 15.04.2019 20:59:20
index


### 15.04.2019 20:59:21
news


### 15.04.2019 21:01:52
news


### 15.04.2019 21:01:53
index


### 15.04.2019 21:13:37
news


### 15.04.2019 21:15:05
news


### 15.04.2019 21:15:19
newspage


### 15.04.2019 21:15:22
newspage


### 15.04.2019 21:16:12
news


### 15.04.2019 21:19:57
newspage


### 15.04.2019 21:20:48
newspage


### 15.04.2019 21:20:51
news


### 15.04.2019 21:20:52
newspage


### 15.04.2019 21:28:17
newspage


### 15.04.2019 21:28:18
index


### 15.04.2019 21:28:19
news


### 15.04.2019 21:28:20
index


### 15.04.2019 21:28:20
news


### 15.04.2019 21:28:43
news


### 15.04.2019 21:28:46
news


### 15.04.2019 21:28:46
feedback


### 15.04.2019 21:29:07
newspage


### 15.04.2019 21:29:09
news


### 19.04.2019 18:55:20
favicon.ico


### 19.04.2019 18:55:24
index


### 19.04.2019 18:55:24
favicon.ico


### 19.04.2019 18:55:29
news


### 19.04.2019 18:55:29
favicon.ico


### 19.04.2019 18:55:30
feedback


### 19.04.2019 18:55:30
favicon.ico


### 19.04.2019 18:55:32
favicon.ico


### 19.04.2019 18:55:33
news


### 19.04.2019 18:55:33
favicon.ico


### 19.04.2019 18:55:34
newspage


### 19.04.2019 18:55:34
favicon.ico


### 19.04.2019 18:55:38
favicon.ico


### 19.04.2019 18:55:38
favicon.ico


### 19.04.2019 19:19:51
index


### 19.04.2019 19:19:53
favicon.ico


### 19.04.2019 19:55:03
index


### 19.04.2019 19:55:04
favicon.ico


### 19.04.2019 19:55:06
news


### 19.04.2019 19:55:06
favicon.ico


### 19.04.2019 19:55:06
feedback


### 19.04.2019 19:55:06
favicon.ico


### 19.04.2019 20:16:54
index


### 19.04.2019 20:16:54
favicon.ico


### 19.04.2019 20:16:55
favicon.ico


### 19.04.2019 20:16:58
index


### 19.04.2019 20:16:58
favicon.ico


### 19.04.2019 20:16:59
feedback


### 19.04.2019 20:16:59
favicon.ico


### 19.04.2019 20:17:00
favicon.ico


### 19.04.2019 20:20:11
news


### 19.04.2019 20:20:11
favicon.ico


### 19.04.2019 20:20:15
newspage


### 19.04.2019 20:20:15
favicon.ico


### 19.04.2019 20:20:17
favicon.ico


### 19.04.2019 20:21:05
feedback


### 19.04.2019 20:21:05
favicon.ico


### 19.04.2019 20:21:36
feedback


### 19.04.2019 20:21:37
favicon.ico


### 19.04.2019 20:22:24
feedback


### 19.04.2019 20:22:24
favicon.ico


### 19.04.2019 20:26:15
feedback


### 19.04.2019 20:26:15
favicon.ico


### 19.04.2019 20:26:19
feedback


### 19.04.2019 20:26:19
favicon.ico


### 19.04.2019 20:27:36
news


### 19.04.2019 20:27:36
favicon.ico


### 19.04.2019 20:27:37
newspage


### 19.04.2019 20:27:37
favicon.ico


### 19.04.2019 20:27:53
favicon.ico


### 19.04.2019 20:27:53
favicon.ico


### 19.04.2019 20:31:37
feedback


### 19.04.2019 20:31:37
favicon.ico


### 19.04.2019 20:31:49
feedback


### 19.04.2019 20:31:49
favicon.ico


### 19.04.2019 20:35:27
feedback


### 19.04.2019 20:35:27
favicon.ico


### 19.04.2019 20:35:34
feedback


### 19.04.2019 20:35:34
favicon.ico


### 19.04.2019 20:35:39
feedback


### 19.04.2019 20:35:39
favicon.ico


### 19.04.2019 20:40:06
feedback


### 19.04.2019 20:40:06
favicon.ico


### 19.04.2019 20:40:23
feedback


### 19.04.2019 20:40:23
favicon.ico


### 19.04.2019 20:42:33
feedback


### 19.04.2019 20:42:33
favicon.ico


### 19.04.2019 20:42:34
feedback


### 19.04.2019 20:42:34
favicon.ico


### 19.04.2019 20:44:29
favicon.ico


### 19.04.2019 20:45:15
favicon.ico


### 19.04.2019 20:45:16
favicon.ico


### 19.04.2019 20:45:16
favicon.ico


### 19.04.2019 20:45:16
favicon.ico


### 19.04.2019 20:45:17
favicon.ico


### 19.04.2019 20:45:25
favicon.ico


### 19.04.2019 20:46:52
feedback


### 19.04.2019 20:46:52
favicon.ico


### 19.04.2019 20:48:53
feedback


### 19.04.2019 20:48:53
favicon.ico


### 19.04.2019 20:48:58
feedback


### 19.04.2019 20:48:58
favicon.ico


### 19.04.2019 20:49:10
feedback


### 19.04.2019 20:49:10
favicon.ico


### 19.04.2019 20:49:13
favicon.ico


### 19.04.2019 20:53:14
feedback


### 19.04.2019 20:53:14
favicon.ico


### 19.04.2019 20:54:42
feedback


### 19.04.2019 20:54:42
feedback


### 19.04.2019 20:54:42
favicon.ico


### 19.04.2019 20:56:23
news


### 19.04.2019 20:56:23
favicon.ico


### 19.04.2019 20:56:25
newspage


### 19.04.2019 20:56:25
favicon.ico


### 19.04.2019 20:56:27
index


### 19.04.2019 20:56:27
favicon.ico


### 19.04.2019 20:56:28
feedback


### 19.04.2019 20:56:28
favicon.ico


### 19.04.2019 20:56:29
favicon.ico


### 19.04.2019 20:57:38
favicon.ico


### 19.04.2019 20:57:43
favicon.ico


### 19.04.2019 20:58:52
feedback


### 19.04.2019 20:58:52
favicon.ico


### 19.04.2019 20:58:55
feedback


### 19.04.2019 20:58:55
feedback


### 19.04.2019 20:58:55
favicon.ico


### 19.04.2019 20:59:21
favicon.ico


### 19.04.2019 20:59:31
favicon.ico


### 19.04.2019 20:59:40
favicon.ico


### 19.04.2019 21:00:57
favicon.ico


### 19.04.2019 21:01:57
favicon.ico


### 19.04.2019 21:02:12
favicon.ico


### 19.04.2019 21:02:40
feedback


### 19.04.2019 21:02:40
favicon.ico


### 19.04.2019 21:02:44
favicon.ico


### 19.04.2019 21:02:45
favicon.ico


### 19.04.2019 21:03:01
feedback


### 19.04.2019 21:03:01
favicon.ico


### 19.04.2019 21:03:04
favicon.ico


### 19.04.2019 21:03:05
favicon.ico


### 19.04.2019 21:04:56
feedback


### 19.04.2019 21:04:56
feedback


### 19.04.2019 21:04:56
favicon.ico


### 19.04.2019 21:05:02
feedback


### 19.04.2019 21:05:02
feedback


### 19.04.2019 21:05:02
favicon.ico


### 19.04.2019 21:05:30
feedback


### 19.04.2019 21:05:30
favicon.ico


### 19.04.2019 21:05:32
feedback


### 19.04.2019 21:05:32
feedback


### 19.04.2019 21:05:32
favicon.ico


### 19.04.2019 21:06:32
feedback


### 19.04.2019 21:06:32
favicon.ico


### 19.04.2019 21:06:37
feedback


### 19.04.2019 21:06:37
feedback


### 19.04.2019 21:06:37
favicon.ico


### 19.04.2019 21:06:39
feedback


### 19.04.2019 21:06:39
feedback


### 19.04.2019 21:06:39
favicon.ico


### 19.04.2019 21:06:39
feedback


### 19.04.2019 21:06:39
feedback


### 19.04.2019 21:06:40
favicon.ico


### 19.04.2019 21:06:40
feedback


### 19.04.2019 21:06:40
feedback


### 19.04.2019 21:06:40
favicon.ico


### 19.04.2019 21:06:52
feedback


### 19.04.2019 21:06:52
feedback


### 19.04.2019 21:06:52
favicon.ico


### 19.04.2019 21:09:00
feedback


### 19.04.2019 21:09:00
favicon.ico


### 19.04.2019 21:09:01
feedback


### 19.04.2019 21:09:01
favicon.ico


### 19.04.2019 21:09:02
feedback


### 19.04.2019 21:09:02
favicon.ico


### 19.04.2019 21:09:02
feedback


### 19.04.2019 21:09:02
favicon.ico


### 19.04.2019 21:09:02
feedback


### 19.04.2019 21:09:02
favicon.ico


### 19.04.2019 21:09:03
feedback


### 19.04.2019 21:09:03
favicon.ico


### 19.04.2019 21:10:29
feedback


### 19.04.2019 21:10:29
feedback


### 19.04.2019 21:10:29
favicon.ico


### 19.04.2019 21:10:37
feedback


### 19.04.2019 21:10:37
feedback


### 19.04.2019 21:10:37
favicon.ico


### 19.04.2019 21:14:17
feedback


### 19.04.2019 21:14:17
favicon.ico


### 19.04.2019 21:14:57
feedback


### 19.04.2019 21:14:57
favicon.ico


### 19.04.2019 21:29:31
feedback


### 19.04.2019 21:29:31
favicon.ico


### 19.04.2019 21:29:37
feedback


### 19.04.2019 21:29:37
feedback


### 19.04.2019 21:29:37
favicon.ico


### 19.04.2019 21:30:05
feedback


### 19.04.2019 21:30:05
feedback


### 19.04.2019 21:30:05
favicon.ico


### 19.04.2019 21:30:21
feedback


### 19.04.2019 21:30:21
favicon.ico


### 19.04.2019 21:30:29
feedback


### 19.04.2019 21:30:29
favicon.ico


### 19.04.2019 21:30:31
feedback


### 19.04.2019 21:30:31
feedback


### 19.04.2019 21:30:31
favicon.ico


### 21.06.2019 18:51:32
index


### 21.06.2019 18:51:34
news


### 21.06.2019 21:06:01
index


### 21.06.2019 21:06:46
feedback


### 21.06.2019 21:06:54
feedback


### 21.06.2019 21:06:54
feedback


### 21.06.2019 21:06:58
feedback


### 21.06.2019 21:06:58
feedback


### 21.06.2019 21:07:00
feedback


### 21.06.2019 21:07:00
feedback


### 21.06.2019 21:07:01
editfeedback


### 21.06.2019 21:13:30
news


### 21.06.2019 21:13:31
newspage


### 23.08.2019 18:09:37
index


### 23.08.2019 18:09:37
favicon.ico


### 23.08.2019 18:09:38
news


### 23.08.2019 18:09:39
favicon.ico


### 23.08.2019 18:09:39
feedback


### 23.08.2019 18:09:39
favicon.ico


### 23.08.2019 18:09:41
editfeedback


### 23.08.2019 18:09:41
favicon.ico


### 23.08.2019 18:09:42
favicon.ico


### 23.08.2019 18:11:26
editfeedback


### 23.08.2019 18:11:26
favicon.ico


### 23.08.2019 18:11:29
favicon.ico


### 23.08.2019 21:05:18
index


### 23.08.2019 21:05:18
favicon.ico


### 23.08.2019 21:05:21
news


### 23.08.2019 21:05:21
favicon.ico


### 23.08.2019 21:05:23
newspage


### 23.08.2019 21:05:23
favicon.ico


### 23.08.2019 21:05:25
feedback


### 23.08.2019 21:05:25
favicon.ico


### 23.08.2019 21:05:51
feedback


### 23.08.2019 21:05:51
feedback


### 23.08.2019 21:05:51
favicon.ico


### 23.08.2019 21:05:52
feedback


### 23.08.2019 21:05:52
feedback


### 23.08.2019 21:05:53
favicon.ico


### 23.08.2019 21:05:54
feedback


### 23.08.2019 21:05:54
feedback


### 23.08.2019 21:05:54
favicon.ico


### 23.08.2019 21:05:55
feedback


### 23.08.2019 21:05:55
feedback


### 23.08.2019 21:05:55
favicon.ico


### 23.08.2019 21:05:58
feedback


### 23.08.2019 21:05:58
feedback


### 23.08.2019 21:05:58
favicon.ico


### 23.08.2019 21:06:01
editfeedback


### 23.08.2019 21:06:01
favicon.ico


### 23.08.2019 21:06:12
favicon.ico


### 23.08.2019 21:06:15
editfeedback


### 23.08.2019 21:06:15
favicon.ico


### 23.08.2019 21:06:16
favicon.ico


### 23.08.2019 21:07:03
news


### 23.08.2019 21:07:03
favicon.ico


### 23.08.2019 21:07:05
newspage


### 23.08.2019 21:07:05
favicon.ico


### 23.08.2019 21:07:12
feedback


### 23.08.2019 21:07:12
favicon.ico


### 23.08.2019 21:07:47
news


### 23.08.2019 21:07:47
favicon.ico


### 23.08.2019 21:07:48
newspage


### 23.08.2019 21:07:48
favicon.ico


### 23.08.2019 21:08:22
feedback


### 23.08.2019 21:08:22
favicon.ico


### 23.08.2019 21:10:02
news


### 23.08.2019 21:10:02
favicon.ico


### 23.08.2019 21:10:03
newspage


### 23.08.2019 21:10:03
favicon.ico


### 23.08.2019 21:10:05
favicon.ico


### 23.08.2019 21:10:06
favicon.ico


### 23.08.2019 21:26:23
feedback


### 26.08.2019 15:38:56
index


### 26.08.2019 15:38:56
favicon.ico


### 26.08.2019 15:38:57
index


### 26.08.2019 15:38:57
favicon.ico


### 26.08.2019 15:38:58
news


### 26.08.2019 15:38:58
favicon.ico


### 26.08.2019 15:38:59
index


### 26.08.2019 15:38:59
favicon.ico


### 26.08.2019 15:38:59
news


### 26.08.2019 15:39:00
favicon.ico


### 26.08.2019 15:39:03
feedback


### 26.08.2019 15:39:04
favicon.ico


### 26.08.2019 15:39:07
feedback


### 26.08.2019 15:39:07
feedback


### 26.08.2019 15:39:07
favicon.ico


### 26.08.2019 15:41:31
feedback


### 26.08.2019 15:41:31
favicon.ico


### 26.08.2019 15:41:34
favicon.ico


### 26.08.2019 15:42:51
favicon.ico


### 26.08.2019 15:43:13
favicon.ico


### 26.08.2019 15:43:30
feedback


### 26.08.2019 15:43:30
feedback


### 26.08.2019 15:43:30
favicon.ico


### 26.08.2019 15:45:32
feedback


### 26.08.2019 15:45:32
feedback


### 26.08.2019 15:45:32
favicon.ico


### 26.08.2019 15:45:35
feedback


### 26.08.2019 15:45:35
feedback


### 26.08.2019 15:45:35
favicon.ico


### 26.08.2019 15:45:48
feedback


### 26.08.2019 15:45:48
feedback


### 26.08.2019 15:45:48
favicon.ico


### 26.08.2019 15:46:18
favicon.ico


### 26.08.2019 15:46:19
favicon.ico


### 26.08.2019 15:46:28
feedback


### 26.08.2019 15:46:28
favicon.ico


### 26.08.2019 15:46:51
feedback


### 26.08.2019 15:46:51
favicon.ico


### 26.08.2019 15:46:56
favicon.ico


### 26.08.2019 15:46:57
feedback


### 26.08.2019 15:46:57
favicon.ico


### 26.08.2019 15:46:58
feedback


### 26.08.2019 15:46:58
favicon.ico


### 26.08.2019 15:49:36
feedback


### 26.08.2019 15:49:36
favicon.ico


### 26.08.2019 15:49:43
feedback


### 26.08.2019 15:49:43
feedback


### 26.08.2019 15:49:43
favicon.ico


### 26.08.2019 15:49:44
feedback


### 26.08.2019 15:49:44
favicon.ico


### 26.08.2019 15:51:15
feedback


### 26.08.2019 15:51:15
favicon.ico


### 26.08.2019 15:51:26
feedback


### 26.08.2019 15:51:26
favicon.ico


### 26.08.2019 15:53:59
feedback


### 26.08.2019 15:53:59
favicon.ico


### 26.08.2019 15:54:05
feedback


### 26.08.2019 15:54:05
feedback


### 26.08.2019 15:54:05
favicon.ico


### 26.08.2019 15:54:07
feedback


### 26.08.2019 15:54:07
favicon.ico


### 26.08.2019 15:54:53
index


### 26.08.2019 15:54:53
favicon.ico


### 26.08.2019 15:54:58
feedback


### 26.08.2019 15:54:58
favicon.ico


### 26.08.2019 15:55:01
feedback


### 26.08.2019 15:55:01
feedback


### 26.08.2019 15:55:01
favicon.ico


### 26.08.2019 15:55:05
feedback


### 26.08.2019 15:55:05
feedback


### 26.08.2019 15:55:05
favicon.ico


### 26.08.2019 15:55:08
feedback


### 26.08.2019 15:55:08
feedback


### 26.08.2019 15:55:08
favicon.ico


### 26.08.2019 15:55:17
feedback


### 26.08.2019 15:55:17
feedback


### 26.08.2019 15:55:17
favicon.ico


### 26.08.2019 15:55:44
feedback


### 26.08.2019 15:55:44
favicon.ico


### 26.08.2019 15:55:48
feedback


### 26.08.2019 15:55:48
feedback


### 26.08.2019 15:55:48
favicon.ico


### 26.08.2019 15:55:57
feedback


### 26.08.2019 15:55:57
feedback


### 26.08.2019 15:55:57
favicon.ico


### 26.08.2019 15:56:11
feedback


### 26.08.2019 15:56:11
favicon.ico


### 26.08.2019 15:56:23
feedback


### 26.08.2019 15:56:23
favicon.ico


### 26.08.2019 15:56:25
feedback


### 26.08.2019 15:56:25
favicon.ico


### 26.08.2019 15:57:31
favicon.ico


### 26.08.2019 15:57:51
feedback


### 26.08.2019 15:57:51
feedback


### 26.08.2019 15:57:51
favicon.ico


### 26.08.2019 15:57:53
feedback


### 26.08.2019 15:57:53
feedback


### 26.08.2019 15:57:53
favicon.ico


### 26.08.2019 15:57:56
feedback


### 26.08.2019 15:57:56
feedback


### 26.08.2019 15:57:56
favicon.ico


### 26.08.2019 15:57:58
feedback


### 26.08.2019 15:57:58
feedback


### 26.08.2019 15:57:58
favicon.ico


### 26.08.2019 15:57:59
feedback


### 26.08.2019 15:57:59
feedback


### 26.08.2019 15:57:59
favicon.ico


### 26.08.2019 15:58:05
favicon.ico


### 26.08.2019 15:58:13
feedback


### 26.08.2019 15:58:13
feedback


### 26.08.2019 15:58:13
favicon.ico


### 26.08.2019 15:59:00
editfeedback


### 26.08.2019 15:59:00
favicon.ico


### 26.08.2019 15:59:02
favicon.ico


### 26.08.2019 16:05:03
feedback


### 26.08.2019 16:05:03
favicon.ico


### 26.08.2019 16:05:04
editfeedback


### 26.08.2019 16:05:04
favicon.ico


### 26.08.2019 16:06:02
favicon.ico


### 26.08.2019 16:06:02
feedback


### 26.08.2019 16:06:02
favicon.ico


### 26.08.2019 16:06:04
favicon.ico


### 26.08.2019 16:06:57
favicon.ico


### 26.08.2019 16:07:11
favicon.ico


### 26.08.2019 16:07:46
feedback


### 26.08.2019 16:07:46
favicon.ico


### 26.08.2019 16:07:57
feedback


### 26.08.2019 16:07:57
favicon.ico


### 26.08.2019 16:08:43
feedback


### 26.08.2019 16:08:43
favicon.ico


### 26.08.2019 16:08:45
feedback


### 26.08.2019 16:08:45
favicon.ico


### 26.08.2019 16:08:46
feedback


### 26.08.2019 16:08:47
favicon.ico


### 26.08.2019 16:08:49
favicon.ico


### 26.08.2019 16:10:03
feedback


### 26.08.2019 16:10:03
favicon.ico


### 26.08.2019 16:10:09
favicon.ico


### 26.08.2019 16:11:15
feedback


### 26.08.2019 16:11:15
favicon.ico


### 26.08.2019 16:11:17
favicon.ico


### 26.08.2019 16:13:32
feedback


### 26.08.2019 16:13:32
favicon.ico


### 26.08.2019 16:13:34
favicon.ico


### 26.08.2019 16:13:39
favicon.ico


### 26.08.2019 16:13:50
feedback


### 26.08.2019 16:13:50
feedback


### 26.08.2019 16:13:50
favicon.ico


### 26.08.2019 16:13:55
feedback


### 26.08.2019 16:13:55
feedback


### 26.08.2019 16:13:55
favicon.ico


### 26.08.2019 16:13:56
feedback


### 26.08.2019 16:13:56
feedback


### 26.08.2019 16:13:56
favicon.ico


### 26.08.2019 16:13:57
feedback


### 26.08.2019 16:13:57
favicon.ico


### 26.08.2019 16:14:00
feedback


### 26.08.2019 16:14:00
feedback


### 26.08.2019 16:14:00
favicon.ico


### 26.08.2019 16:14:08
feedback


### 26.08.2019 16:14:08
feedback


### 26.08.2019 16:14:08
favicon.ico


### 26.08.2019 16:14:13
feedback


### 26.08.2019 16:14:13
feedback


### 26.08.2019 16:14:13
favicon.ico


### 26.08.2019 16:14:16
feedback


### 26.08.2019 16:14:16
favicon.ico


### 26.08.2019 16:14:19
feedback


### 26.08.2019 16:14:19
feedback


### 26.08.2019 16:14:19
favicon.ico


### 26.08.2019 16:17:47
feedback


### 26.08.2019 16:17:47
favicon.ico


### 26.08.2019 16:17:50
feedback


### 26.08.2019 16:17:50
feedback


### 26.08.2019 16:17:50
favicon.ico


### 26.08.2019 16:18:39
feedback


### 26.08.2019 16:18:39
favicon.ico


### 26.08.2019 16:18:51
feedback


### 26.08.2019 16:18:51
favicon.ico


### 26.08.2019 16:20:53
feedback


### 26.08.2019 16:20:53
favicon.ico


### 26.08.2019 16:21:34
feedback


### 26.08.2019 16:21:34
favicon.ico


### 26.08.2019 16:21:42
feedback


### 26.08.2019 16:21:42
favicon.ico


### 26.08.2019 16:21:44
news


### 26.08.2019 16:21:44
favicon.ico


### 26.08.2019 16:21:45
feedback


### 26.08.2019 16:21:45
favicon.ico


### 26.08.2019 16:21:46
index


### 26.08.2019 16:21:46
favicon.ico


### 26.08.2019 16:21:46
news


### 26.08.2019 16:21:46
favicon.ico


### 26.08.2019 16:21:47
feedback


### 26.08.2019 16:21:47
favicon.ico


### 26.08.2019 16:30:51
feedback


### 26.08.2019 16:30:51
favicon.ico


### 26.08.2019 16:30:52
catalog


### 26.08.2019 16:30:52
favicon.ico


### 26.08.2019 16:31:08
catalog


### 26.08.2019 16:31:08
favicon.ico


### 26.08.2019 16:31:09
catalog


### 26.08.2019 16:31:09
favicon.ico


### 26.08.2019 16:31:09
catalog


### 26.08.2019 16:31:09
favicon.ico


### 26.08.2019 16:31:10
catalog


### 26.08.2019 16:31:10
favicon.ico


### 26.08.2019 16:31:10
catalog


### 26.08.2019 16:31:10
favicon.ico


### 26.08.2019 16:31:11
catalog


### 26.08.2019 16:31:11
favicon.ico


### 26.08.2019 16:31:15
catalog


### 26.08.2019 16:31:15
favicon.ico


### 26.08.2019 16:31:16
catalog


### 26.08.2019 16:31:16
favicon.ico


### 26.08.2019 16:31:16
catalog


### 26.08.2019 16:31:16
favicon.ico


### 26.08.2019 16:31:16
catalog


### 26.08.2019 16:31:16
favicon.ico


### 26.08.2019 16:31:17
catalog


### 26.08.2019 16:31:17
favicon.ico


### 26.08.2019 16:31:26
catalog


### 26.08.2019 16:31:26
favicon.ico


### 26.08.2019 16:33:05
catalog


### 26.08.2019 16:33:05
favicon.ico


### 26.08.2019 16:34:48
catalog


### 26.08.2019 16:34:48
favicon.ico


### 26.08.2019 16:34:54
catalog


### 26.08.2019 16:34:54
favicon.ico


### 26.08.2019 16:35:02
catalog


### 26.08.2019 16:35:02
favicon.ico


### 26.08.2019 16:35:14
catalog


### 26.08.2019 16:35:14
favicon.ico


### 26.08.2019 16:35:34
catalog


### 26.08.2019 16:35:34
favicon.ico


### 26.08.2019 16:35:34
catalog


### 26.08.2019 16:35:34
favicon.ico


### 26.08.2019 16:35:34
catalog


### 26.08.2019 16:35:34
favicon.ico


### 26.08.2019 16:35:35
catalog


### 26.08.2019 16:35:35
favicon.ico


### 26.08.2019 16:35:35
catalog


### 26.08.2019 16:35:36
favicon.ico


### 26.08.2019 16:35:36
catalog


### 26.08.2019 16:35:36
favicon.ico


### 26.08.2019 16:35:36
catalog


### 26.08.2019 16:35:36
favicon.ico


### 26.08.2019 16:35:36
catalog


### 26.08.2019 16:35:36
favicon.ico


### 26.08.2019 16:35:36
catalog


### 26.08.2019 16:35:36
favicon.ico


### 26.08.2019 16:35:37
catalog


### 26.08.2019 16:35:37
favicon.ico


### 26.08.2019 16:35:37
catalog


### 26.08.2019 16:35:37
favicon.ico


### 26.08.2019 16:35:46
catalog


### 26.08.2019 16:35:46
favicon.ico


### 26.08.2019 16:35:47
catalog


### 26.08.2019 16:35:47
favicon.ico


### 26.08.2019 16:35:47
catalog


### 26.08.2019 16:35:47
favicon.ico


### 26.08.2019 16:35:47
catalog


### 26.08.2019 16:35:48
favicon.ico


### 26.08.2019 16:35:48
catalog


### 26.08.2019 16:35:48
favicon.ico


### 26.08.2019 16:35:48
catalog


### 26.08.2019 16:35:48
favicon.ico


### 26.08.2019 16:35:48
catalog


### 26.08.2019 16:35:49
favicon.ico


### 26.08.2019 16:35:49
catalog


### 26.08.2019 16:35:49
favicon.ico


### 26.08.2019 16:35:49
catalog


### 26.08.2019 16:35:49
favicon.ico


### 26.08.2019 16:35:50
catalog


### 26.08.2019 16:35:50
favicon.ico


### 26.08.2019 16:35:50
catalog


### 26.08.2019 16:35:50
favicon.ico


### 26.08.2019 16:35:50
catalog


### 26.08.2019 16:35:50
favicon.ico


### 26.08.2019 16:35:50
catalog


### 26.08.2019 16:35:50
favicon.ico


### 26.08.2019 16:35:51
catalog


### 26.08.2019 16:35:51
favicon.ico


### 26.08.2019 16:35:51
catalog


### 26.08.2019 16:35:51
favicon.ico


### 26.08.2019 16:35:51
catalog


### 26.08.2019 16:35:51
favicon.ico


### 26.08.2019 16:36:00
catalog


### 26.08.2019 16:36:00
favicon.ico


### 26.08.2019 16:36:10
catalog


### 26.08.2019 16:36:10
favicon.ico


### 26.08.2019 16:36:20
catalog


### 26.08.2019 16:36:20
favicon.ico


### 26.08.2019 16:36:49
catalog


### 26.08.2019 16:36:49
favicon.ico


### 26.08.2019 16:37:15
catalog


### 26.08.2019 16:37:15
favicon.ico


### 26.08.2019 16:37:27
catalog


### 26.08.2019 16:37:27
favicon.ico


### 26.08.2019 16:37:38
catalog


### 26.08.2019 16:37:38
favicon.ico


### 26.08.2019 16:37:42
catalog


### 26.08.2019 16:37:42
favicon.ico


### 26.08.2019 16:37:43
news


### 26.08.2019 16:37:43
favicon.ico


### 26.08.2019 16:37:43
catalog


### 26.08.2019 16:37:43
favicon.ico


### 26.08.2019 16:37:44
feedback


### 26.08.2019 16:37:44
favicon.ico


### 26.08.2019 16:37:47
catalog


### 26.08.2019 16:37:47
favicon.ico


### 26.08.2019 16:40:06
catalog


### 26.08.2019 16:40:06
favicon.ico


### 26.08.2019 16:40:11
item


### 26.08.2019 16:40:11
favicon.ico


### 26.08.2019 16:40:12
favicon.ico


### 26.08.2019 16:40:15
item


### 26.08.2019 16:40:15
favicon.ico


### 26.08.2019 16:40:17
favicon.ico


### 26.08.2019 16:41:17
catalog


### 26.08.2019 16:41:17
favicon.ico


### 26.08.2019 16:41:18
item


### 26.08.2019 16:41:18
favicon.ico


### 26.08.2019 16:41:45
item


### 26.08.2019 16:41:45
favicon.ico


### 26.08.2019 16:42:06
item


### 26.08.2019 16:42:06
favicon.ico


### 26.08.2019 16:42:17
item


### 26.08.2019 16:42:17
favicon.ico


### 26.08.2019 16:42:39
item


### 26.08.2019 16:42:39
favicon.ico


### 26.08.2019 16:42:56
item


### 26.08.2019 16:42:56
favicon.ico


### 26.08.2019 16:42:59
catalog


### 26.08.2019 16:42:59
favicon.ico


### 26.08.2019 16:43:00
item


### 26.08.2019 16:43:00
favicon.ico


### 26.08.2019 16:43:03
catalog


### 26.08.2019 16:43:03
favicon.ico


### 26.08.2019 16:43:04
item


### 26.08.2019 16:43:04
favicon.ico


### 26.08.2019 16:43:06
catalog


### 26.08.2019 16:43:06
favicon.ico


### 26.08.2019 16:43:11
feedback


### 26.08.2019 16:43:11
favicon.ico


### 26.08.2019 16:43:13
feedback


### 26.08.2019 16:43:13
favicon.ico


### 26.08.2019 16:43:19
feedback


### 26.08.2019 16:43:19
feedback


### 26.08.2019 16:43:19
favicon.ico


### 26.08.2019 16:43:22
feedback


### 26.08.2019 16:43:22
feedback


### 26.08.2019 16:43:22
favicon.ico


### 26.08.2019 16:43:23
feedback


### 26.08.2019 16:43:23
feedback


### 26.08.2019 16:43:23
favicon.ico


### 26.08.2019 18:40:40
index


### 26.08.2019 18:40:41
favicon.ico


### 26.08.2019 18:40:43
feedback


### 26.08.2019 18:40:43
favicon.ico


### 26.08.2019 18:40:55
feedback


### 26.08.2019 18:40:55
feedback


### 26.08.2019 18:40:55
favicon.ico


### 26.08.2019 18:41:13
feedback


### 26.08.2019 18:41:13
favicon.ico


### 26.08.2019 18:41:17
feedback


### 26.08.2019 18:41:18
feedback


### 26.08.2019 18:41:18
favicon.ico


### 26.08.2019 18:43:06
feedback


### 26.08.2019 18:43:06
feedback


### 26.08.2019 18:43:06
favicon.ico


### 26.08.2019 18:43:40
feedback


### 26.08.2019 18:43:40
feedback


### 26.08.2019 18:43:40
favicon.ico


### 26.08.2019 18:45:08
feedback


### 26.08.2019 18:45:08
favicon.ico


### 26.08.2019 18:45:10
feedback


### 26.08.2019 18:45:10
favicon.ico


### 26.08.2019 18:45:12
feedback


### 26.08.2019 18:45:12
feedback


### 26.08.2019 18:45:12
favicon.ico


### 26.08.2019 18:45:19
feedback


### 26.08.2019 18:45:19
favicon.ico


### 26.08.2019 18:45:22
feedback


### 26.08.2019 18:45:22
feedback


### 26.08.2019 18:45:22
favicon.ico


### 26.08.2019 18:47:32
feedback


### 26.08.2019 18:47:32
feedback


### 26.08.2019 18:47:32
feedback


### 26.08.2019 18:47:32
feedback


### 26.08.2019 18:47:32
feedback


### 26.08.2019 18:47:32
feedback


### 26.08.2019 18:47:32
feedback


### 26.08.2019 18:47:32
feedback


### 26.08.2019 18:47:32
feedback


### 26.08.2019 18:47:32
feedback


### 26.08.2019 18:47:32
feedback


### 26.08.2019 18:47:32
feedback


### 26.08.2019 18:47:32
feedback


### 26.08.2019 18:47:32
feedback


### 26.08.2019 18:47:32
feedback


### 26.08.2019 18:47:32
feedback


### 26.08.2019 18:47:32
feedback


### 26.08.2019 18:47:32
feedback


### 26.08.2019 18:47:32
feedback


### 26.08.2019 18:47:32
feedback


### 26.08.2019 18:47:32
feedback


### 26.08.2019 18:47:32
feedback


### 26.08.2019 18:47:32
feedback


### 26.08.2019 18:47:32
feedback


### 26.08.2019 18:47:32
feedback


### 26.08.2019 18:47:32
feedback


### 26.08.2019 18:47:32
feedback


### 26.08.2019 18:47:33
feedback


### 26.08.2019 18:47:33
feedback


### 26.08.2019 18:47:33
feedback


### 26.08.2019 18:47:33
feedback


### 26.08.2019 18:47:33
feedback


### 26.08.2019 18:47:33
feedback


### 26.08.2019 18:47:33
feedback


### 26.08.2019 18:47:33
feedback


### 26.08.2019 18:47:33
feedback


### 26.08.2019 18:47:33
feedback


### 26.08.2019 18:47:33
feedback


### 26.08.2019 18:47:33
feedback


### 26.08.2019 18:47:33
feedback


### 26.08.2019 18:47:38
feedback


### 26.08.2019 18:47:38
feedback


### 26.08.2019 18:47:38
feedback


### 26.08.2019 18:47:38
feedback


### 26.08.2019 18:47:38
feedback


### 26.08.2019 18:47:38
feedback


### 26.08.2019 18:47:38
feedback


### 26.08.2019 18:47:38
feedback


### 26.08.2019 18:47:38
feedback


### 26.08.2019 18:47:38
feedback


### 26.08.2019 18:47:38
feedback


### 26.08.2019 18:47:38
feedback


### 26.08.2019 18:47:38
feedback


### 26.08.2019 18:47:38
feedback


### 26.08.2019 18:47:38
feedback


### 26.08.2019 18:47:38
feedback


### 26.08.2019 18:47:38
feedback


### 26.08.2019 18:47:38
feedback


### 26.08.2019 18:47:38
feedback


### 26.08.2019 18:47:38
feedback


### 26.08.2019 18:47:39
feedback


### 26.08.2019 18:47:39
favicon.ico


### 26.08.2019 18:47:40
feedback


### 26.08.2019 18:47:40
favicon.ico


### 26.08.2019 18:47:42
feedback


### 26.08.2019 18:47:42
feedback


### 26.08.2019 18:47:42
favicon.ico


### 26.08.2019 18:47:45
catalog


### 26.08.2019 18:47:45
favicon.ico


### 26.08.2019 18:47:46
item


### 26.08.2019 18:47:47
favicon.ico


### 26.08.2019 18:47:49
catalog


### 26.08.2019 18:47:49
favicon.ico


### 26.08.2019 18:47:50
news


### 26.08.2019 18:47:50
favicon.ico


### 26.08.2019 18:47:51
newspage


### 26.08.2019 18:47:51
favicon.ico


### 26.08.2019 18:47:52
news


### 26.08.2019 18:47:52
favicon.ico


### 26.08.2019 18:47:52
index


### 26.08.2019 18:47:53
favicon.ico


### 26.08.2019 18:47:54
news


### 26.08.2019 18:47:54
favicon.ico


### 26.08.2019 18:47:54
catalog


### 26.08.2019 18:47:54
favicon.ico


### 26.08.2019 18:47:55
index


### 26.08.2019 18:47:55
favicon.ico


### 26.08.2019 18:48:18
index


### 26.08.2019 18:48:18
favicon.ico


### 26.08.2019 18:48:20
news


### 26.08.2019 18:48:20
favicon.ico


### 26.08.2019 18:48:22
catalog


### 26.08.2019 18:48:22
favicon.ico


### 26.08.2019 18:48:23
item


### 26.08.2019 18:48:23
favicon.ico


### 26.08.2019 18:48:26
catalog


### 26.08.2019 18:48:26
favicon.ico


### 26.08.2019 18:48:27
item


### 26.08.2019 18:48:27
favicon.ico


### 26.08.2019 18:48:29
catalog


### 26.08.2019 18:48:29
favicon.ico


### 26.08.2019 18:48:30
item


### 26.08.2019 18:48:30
favicon.ico


### 26.08.2019 18:48:31
catalog


### 26.08.2019 18:48:31
favicon.ico


### 26.08.2019 18:48:31
feedback


### 26.08.2019 18:48:31
favicon.ico


### 26.08.2019 18:59:17
index


### 26.08.2019 18:59:17
favicon.ico


### 26.08.2019 19:02:44
catalog


### 26.08.2019 19:02:44
favicon.ico


### 26.08.2019 19:03:15
item


### 26.08.2019 19:03:15
favicon.ico


### 26.08.2019 19:03:37
feedback


### 26.08.2019 19:03:37
favicon.ico


### 26.08.2019 19:04:22
feedback


### 26.08.2019 19:04:22
favicon.ico


### 26.08.2019 19:04:26
feedback


### 26.08.2019 19:04:26
feedback


### 26.08.2019 19:04:26
favicon.ico


### 26.08.2019 19:04:29
feedback


### 26.08.2019 19:04:29
feedback


### 26.08.2019 19:04:29
favicon.ico


### 26.08.2019 19:04:51
feedback


### 26.08.2019 19:04:51
feedback


### 26.08.2019 19:04:51
favicon.ico


### 26.08.2019 19:16:38
feedback


### 26.08.2019 19:16:38
favicon.ico


### 26.08.2019 19:16:48
feedback


### 26.08.2019 19:16:49
favicon.ico


### 26.08.2019 19:16:52
favicon.ico


### 26.08.2019 19:16:59
favicon.ico


### 26.08.2019 19:17:13
feedback


### 26.08.2019 19:17:13
feedback


### 26.08.2019 19:17:13
favicon.ico


### 26.08.2019 19:17:20
feedback


### 26.08.2019 19:17:20
favicon.ico


### 26.08.2019 19:17:22
feedback


### 26.08.2019 19:17:22
feedback


### 26.08.2019 19:17:22
favicon.ico


### 26.08.2019 21:01:06
index


### 26.08.2019 21:01:07
favicon.ico


### 26.08.2019 21:01:09
catalog


### 26.08.2019 21:01:09
favicon.ico


### 26.08.2019 21:01:09
item


### 26.08.2019 21:01:09
favicon.ico


### 26.08.2019 21:01:10
feedback


### 26.08.2019 21:01:10
favicon.ico


### 26.08.2019 21:01:11
feedback


### 26.08.2019 21:01:11
feedback


### 26.08.2019 21:01:11
favicon.ico


### 26.08.2019 21:01:12
news


### 26.08.2019 21:01:12
favicon.ico


### 26.08.2019 21:02:24
catalog


### 26.08.2019 21:02:24
favicon.ico


### 26.08.2019 21:02:25
feedback


### 26.08.2019 21:02:25
favicon.ico


### 26.08.2019 21:02:26
catalog


### 26.08.2019 21:02:26
favicon.ico


### 26.08.2019 21:02:26
item


### 26.08.2019 21:02:26
favicon.ico


### 26.08.2019 21:02:27
feedback


### 26.08.2019 21:02:27
favicon.ico


### 26.08.2019 21:08:23
feedback


### 26.08.2019 21:08:23
favicon.ico


### 26.08.2019 21:08:48
feedback


### 26.08.2019 21:08:48
favicon.ico


### 26.08.2019 21:08:48
feedback


### 26.08.2019 21:08:48
favicon.ico


### 26.08.2019 21:09:00
feedback


### 26.08.2019 21:09:00
favicon.ico


### 26.08.2019 21:10:50
feedback


### 26.08.2019 21:10:50
favicon.ico


### 26.08.2019 21:10:51
feedback


### 26.08.2019 21:10:51
favicon.ico


### 26.08.2019 21:11:08
favicon.ico


### 26.08.2019 21:13:02
index


### 26.08.2019 21:13:02
index


### 26.08.2019 21:13:03
favicon.ico


### 26.08.2019 21:13:04
index


### 26.08.2019 21:13:05
favicon.ico


### 26.08.2019 21:13:27
index


### 26.08.2019 21:13:27
favicon.ico


### 26.08.2019 21:13:27
index


### 26.08.2019 21:13:27
favicon.ico


### 26.08.2019 21:13:45
catalog


### 26.08.2019 21:13:45
favicon.ico


### 26.08.2019 21:14:24
catalog


### 26.08.2019 21:14:24
favicon.ico


### 26.08.2019 21:14:43
catalog


### 26.08.2019 21:14:43
favicon.ico


### 26.08.2019 21:14:44
catalog


### 26.08.2019 21:14:44
favicon.ico


### 26.08.2019 21:14:44
catalog


### 26.08.2019 21:14:44
favicon.ico


### 26.08.2019 21:14:44
catalog


### 26.08.2019 21:14:44
favicon.ico


### 26.08.2019 21:14:44
catalog


### 26.08.2019 21:14:44
favicon.ico


### 26.08.2019 21:14:45
catalog


### 26.08.2019 21:14:45
favicon.ico


### 26.08.2019 21:14:53
catalog


### 26.08.2019 21:14:53
favicon.ico


### 26.08.2019 21:15:03
catalog


### 26.08.2019 21:15:03
favicon.ico


### 26.08.2019 21:15:05
logout


### 26.08.2019 21:15:05
index


### 26.08.2019 21:15:05
favicon.ico


### 26.08.2019 21:15:24
index


### 26.08.2019 21:15:24
favicon.ico


### 26.08.2019 21:15:39
news


### 26.08.2019 21:15:39
favicon.ico


### 26.08.2019 21:17:13
news


### 26.08.2019 21:17:13
favicon.ico


### 26.08.2019 21:17:14
catalog


### 26.08.2019 21:17:14
favicon.ico


### 26.08.2019 21:17:15
feedback


### 26.08.2019 21:17:15
favicon.ico


### 26.08.2019 21:17:16
catalog


### 26.08.2019 21:17:16
favicon.ico


### 26.08.2019 21:18:03
catalog


### 26.08.2019 21:18:03
favicon.ico


### 26.08.2019 21:18:04
item


### 26.08.2019 21:18:05
favicon.ico


### 26.08.2019 21:18:06
catalog


### 26.08.2019 21:18:06
favicon.ico


### 26.08.2019 21:18:06
item


### 26.08.2019 21:18:06
favicon.ico


### 26.08.2019 21:18:07
catalog


### 26.08.2019 21:18:07
favicon.ico


### 26.08.2019 21:18:08
item


### 26.08.2019 21:18:08
favicon.ico


### 26.08.2019 21:18:09
catalog


### 26.08.2019 21:18:10
favicon.ico


### 26.08.2019 21:18:11
item


### 26.08.2019 21:18:11
favicon.ico


### 26.08.2019 21:18:12
catalog


### 26.08.2019 21:18:12
favicon.ico


### 26.08.2019 21:18:13
item


### 26.08.2019 21:18:13
favicon.ico


### 26.08.2019 21:19:07
item


### 26.08.2019 21:19:07
favicon.ico


### 26.08.2019 21:19:08
basket


### 26.08.2019 21:19:08
favicon.ico


### 26.08.2019 21:19:20
catalog


### 26.08.2019 21:19:20
favicon.ico


### 26.08.2019 21:19:45
catalog


### 26.08.2019 21:19:45
favicon.ico


### 26.08.2019 21:19:51
catalog


### 26.08.2019 21:19:51
favicon.ico


### 26.08.2019 21:20:08
basket


### 26.08.2019 21:20:08
favicon.ico


### 26.08.2019 21:20:11
news


### 26.08.2019 21:20:11
favicon.ico


### 26.08.2019 21:20:20
catalog


### 26.08.2019 21:20:20
favicon.ico


### 26.08.2019 21:26:55
catalog


### 26.08.2019 21:26:55
favicon.ico


### 26.08.2019 21:26:57
catalog


### 26.08.2019 21:26:57
favicon.ico


### 26.08.2019 21:27:59
basket


### 26.08.2019 21:27:59
favicon.ico


### 26.08.2019 21:37:26
news


### 26.08.2019 21:37:26
favicon.ico


### 26.08.2019 21:37:27
catalog


### 26.08.2019 21:37:27
favicon.ico


### 26.08.2019 21:37:54
catalog


### 26.08.2019 21:37:54
favicon.ico


### 30.08.2019 18:43:33
index


### 30.08.2019 18:43:33
index


### 30.08.2019 18:43:33
favicon.ico


### 30.08.2019 19:04:10
catalog


### 30.08.2019 19:04:10
favicon.ico


### 30.08.2019 19:04:13
basket


### 30.08.2019 19:04:13
favicon.ico


### 30.08.2019 19:10:22
basket


### 30.08.2019 19:10:22
favicon.ico


### 30.08.2019 19:10:23
feedback


### 30.08.2019 19:10:23
favicon.ico


### 30.08.2019 19:10:23
catalog


### 30.08.2019 19:10:23
favicon.ico


### 30.08.2019 19:10:25
news


### 30.08.2019 19:10:25
favicon.ico


### 30.08.2019 19:10:26
catalog


### 30.08.2019 19:10:26
favicon.ico


### 30.08.2019 19:10:40
catalog


### 30.08.2019 19:10:40
favicon.ico


### 30.08.2019 19:12:56
basket


### 30.08.2019 19:12:56
favicon.ico


### 30.08.2019 19:12:58
catalog


### 30.08.2019 19:12:58
favicon.ico


### 30.08.2019 19:20:49
catalog


### 30.08.2019 19:20:49
favicon.ico


### 30.08.2019 19:20:52
news


### 30.08.2019 19:20:52
favicon.ico


### 30.08.2019 19:20:57
login


### 30.08.2019 19:20:57
favicon.ico


### 30.08.2019 19:21:34
login


### 30.08.2019 19:21:34
index


### 30.08.2019 19:21:34
favicon.ico


### 30.08.2019 19:21:36
catalog


### 30.08.2019 19:21:36
favicon.ico


### 30.08.2019 19:21:37
news


### 30.08.2019 19:21:37
favicon.ico


### 30.08.2019 19:21:38
catalog


### 30.08.2019 19:21:38
favicon.ico


### 30.08.2019 19:21:39
logout


### 30.08.2019 19:21:39
index


### 30.08.2019 19:21:39
favicon.ico


### 30.08.2019 19:21:44
login


### 30.08.2019 19:21:44
index


### 30.08.2019 19:21:44
favicon.ico


### 30.08.2019 19:22:58
catalog


### 30.08.2019 19:22:58
favicon.ico


### 30.08.2019 19:22:58
news


### 30.08.2019 19:22:58
favicon.ico


### 30.08.2019 19:22:59
index


### 30.08.2019 19:22:59
favicon.ico


### 30.08.2019 19:23:21
basket


### 30.08.2019 19:23:21
favicon.ico


### 30.08.2019 19:23:26
news


### 30.08.2019 19:23:26
favicon.ico


### 30.08.2019 19:23:27
catalog


### 30.08.2019 19:23:27
favicon.ico


### 30.08.2019 19:23:29
logout


### 30.08.2019 19:23:29
index


### 30.08.2019 19:23:29
favicon.ico


### 30.08.2019 19:23:32
catalog


### 30.08.2019 19:23:32
favicon.ico


### 30.08.2019 19:30:47
catalog


### 30.08.2019 19:30:47
favicon.ico


### 30.08.2019 19:31:28
item


### 30.08.2019 19:31:28
favicon.ico


### 30.08.2019 19:33:08
catalog


### 30.08.2019 19:33:09
favicon.ico


### 30.08.2019 19:34:01
catalog


### 30.08.2019 19:34:01
favicon.ico


### 30.08.2019 19:34:17
catalog


### 30.08.2019 19:34:17
favicon.ico


### 30.08.2019 19:36:12
catalog


### 30.08.2019 19:36:12
favicon.ico


### 30.08.2019 19:36:20
item


### 30.08.2019 19:36:20
favicon.ico


### 30.08.2019 19:36:22
catalog


### 30.08.2019 19:36:22
favicon.ico


### 30.08.2019 19:47:32
catalog


### 30.08.2019 19:47:33
favicon.ico


### 30.08.2019 19:49:49
catalog


### 30.08.2019 19:49:49
favicon.ico


### 30.08.2019 19:50:57
index


### 30.08.2019 19:50:57
favicon.ico


### 30.08.2019 19:51:00
catalog


### 30.08.2019 19:51:09
catalog


### 30.08.2019 19:51:09
favicon.ico


### 30.08.2019 19:51:47
catalog


### 30.08.2019 19:51:47
favicon.ico


### 30.08.2019 19:51:48
catalog


### 30.08.2019 19:51:48
favicon.ico


### 30.08.2019 19:51:49
news


### 30.08.2019 19:51:49
favicon.ico


### 30.08.2019 19:51:49
index


### 30.08.2019 19:51:49
favicon.ico


### 30.08.2019 19:51:50
catalog


### 30.08.2019 19:51:50
favicon.ico


### 30.08.2019 19:51:51
feedback


### 30.08.2019 19:51:51
favicon.ico


### 30.08.2019 19:51:53
catalog


### 30.08.2019 19:51:53
favicon.ico


### 30.08.2019 19:52:00
basket


### 30.08.2019 19:52:00
favicon.ico


### 30.08.2019 19:57:15
favicon.ico


### 30.08.2019 19:58:05
basket


### 30.08.2019 19:58:05
favicon.ico


### 30.08.2019 19:58:21
basket


### 30.08.2019 19:58:21
favicon.ico


### 30.08.2019 19:58:31
catalog


### 30.08.2019 19:58:32
favicon.ico


### 30.08.2019 19:58:35
basket


### 30.08.2019 19:58:35
favicon.ico


### 30.08.2019 20:00:04
basket


### 30.08.2019 20:00:04
favicon.ico


### 30.08.2019 20:00:08
catalog


### 30.08.2019 20:00:08
favicon.ico


### 30.08.2019 20:00:11
basket


### 30.08.2019 20:00:11
favicon.ico


### 30.08.2019 20:00:14
catalog


### 30.08.2019 20:00:15
favicon.ico


### 30.08.2019 20:00:17
basket


### 30.08.2019 20:00:17
favicon.ico


### 30.08.2019 20:00:42
login


### 30.08.2019 20:00:43
index


### 30.08.2019 20:00:43
favicon.ico


### 30.08.2019 20:00:45
basket


### 30.08.2019 20:00:45
favicon.ico


### 30.08.2019 20:01:54
logout


### 30.08.2019 20:01:54
index


### 30.08.2019 20:01:54
favicon.ico


### 30.08.2019 20:02:06
catalog


### 30.08.2019 20:02:07
favicon.ico


### 30.08.2019 20:02:09
basket


### 30.08.2019 20:02:09
favicon.ico


### 30.08.2019 20:05:19
basket


### 30.08.2019 20:05:19
favicon.ico


### 30.08.2019 20:07:58
basket


### 30.08.2019 20:07:58
favicon.ico


### 30.08.2019 20:08:07
basket


### 30.08.2019 20:08:07
favicon.ico


### 30.08.2019 20:09:07
basket


### 30.08.2019 20:09:07
favicon.ico


### 30.08.2019 20:09:56
basket


### 30.08.2019 20:09:56
favicon.ico


### 30.08.2019 20:10:03
catalog


### 30.08.2019 20:10:04
favicon.ico


### 30.08.2019 20:10:08
basket


### 30.08.2019 20:10:08
favicon.ico


### 30.08.2019 20:17:02
news


### 30.08.2019 20:17:02
favicon.ico


### 30.08.2019 20:17:03
catalog


### 30.08.2019 20:17:03
favicon.ico


### 30.08.2019 20:17:11
basket


### 30.08.2019 20:17:11
favicon.ico


### 30.08.2019 20:23:18
basket


### 30.08.2019 20:23:18
favicon.ico


### 30.08.2019 20:23:59
basket


### 30.08.2019 20:23:59
favicon.ico


### 02.09.2019 00:52:35
index


### 02.09.2019 01:08:49
index


### 02.09.2019 01:08:49
css


### 02.09.2019 01:08:49
js


### 02.09.2019 01:08:49
img


### 02.09.2019 01:08:49
img


### 02.09.2019 01:08:49
img


### 02.09.2019 01:08:54
img


### 02.09.2019 01:10:58
index


### 02.09.2019 01:10:58
js


### 02.09.2019 01:10:58
img


### 02.09.2019 01:10:58
img


### 02.09.2019 01:10:58
img


### 02.09.2019 01:11:05
img


### 02.09.2019 01:11:05
img


### 02.09.2019 01:11:05
img


### 02.09.2019 01:12:13
index


### 02.09.2019 01:12:14
js


### 02.09.2019 01:18:41
index


### 02.09.2019 01:20:06
index


### 02.09.2019 01:20:06
js


### 02.09.2019 01:25:59
index


### 02.09.2019 01:25:59
js


### 02.09.2019 01:27:07
index


### 02.09.2019 01:27:07
js


### 02.09.2019 01:28:12
login


### 02.09.2019 01:28:12
index


### 02.09.2019 01:28:12
js


### 02.09.2019 01:29:39
index


### 02.09.2019 01:29:39
js


### 02.09.2019 01:29:44
logout


### 02.09.2019 01:29:44
index


### 02.09.2019 01:29:44
js


### 02.09.2019 01:29:59
login


### 02.09.2019 01:29:59
index


### 02.09.2019 01:29:59
js


### 02.09.2019 01:30:05
products


### 02.09.2019 01:30:09
index


### 02.09.2019 01:30:09
js


### 02.09.2019 01:31:07
index


### 02.09.2019 01:31:07
js


### 02.09.2019 01:31:16
index


### 02.09.2019 01:31:16
js


### 02.09.2019 01:31:30
favicon.ico


### 02.09.2019 01:33:30
index


### 02.09.2019 01:33:31
favicon.ico


### 02.09.2019 01:34:13
index


### 02.09.2019 01:34:13
favicon.ico


### 02.09.2019 01:34:14
index


### 02.09.2019 01:34:14
favicon.ico


### 02.09.2019 01:34:50
index


### 02.09.2019 01:35:02
favicon.ico


### 02.09.2019 01:35:44
index


### 02.09.2019 01:35:44
favicon.ico


### 02.09.2019 01:36:18
index


### 02.09.2019 01:36:18
favicon.ico


### 02.09.2019 01:36:27
index


### 02.09.2019 01:36:27
favicon.ico


### 02.09.2019 01:36:38
index


### 02.09.2019 01:36:38
favicon.ico


### 02.09.2019 01:36:53
basket


### 02.09.2019 01:36:53
favicon.ico


### 02.09.2019 01:38:21
basket


### 02.09.2019 01:38:21
favicon.ico


### 02.09.2019 01:38:41
basket


### 02.09.2019 01:38:41
favicon.ico


### 02.09.2019 01:51:50
basket


### 02.09.2019 01:51:50
basket


### 02.09.2019 01:51:53
favicon.ico


### 02.09.2019 01:51:55
basket


### 02.09.2019 01:52:06
favicon.ico


### 02.09.2019 01:56:44
basket


### 02.09.2019 01:56:44
favicon.ico


### 02.09.2019 01:56:46
basket


### 02.09.2019 01:56:46
favicon.ico


### 02.09.2019 01:56:48
basket


### 02.09.2019 01:57:00
favicon.ico


### 02.09.2019 01:57:00
logout


### 02.09.2019 01:57:00
index


### 02.09.2019 01:57:00
favicon.ico


### 02.09.2019 01:57:08
login


### 02.09.2019 01:57:08
index


### 02.09.2019 01:57:08
favicon.ico


### 02.09.2019 01:59:06
index


### 02.09.2019 01:59:15
catalog


### 02.09.2019 01:59:15
favicon.ico


### 02.09.2019 02:15:40
catalog


### 02.09.2019 02:15:40
favicon.ico


### 02.09.2019 02:15:56
index


### 02.09.2019 02:16:03
feedback


### 02.09.2019 02:16:07
catalog


### 02.09.2019 02:16:07
favicon.ico


### 02.09.2019 02:16:43
feedback


### 02.09.2019 02:16:47
index


### 02.09.2019 02:16:51
basket


### 02.09.2019 02:16:54
favicon.ico


### 02.09.2019 02:16:56
catalog


### 02.09.2019 02:16:56
favicon.ico


### 02.09.2019 02:21:14
catalog


### 02.09.2019 02:21:14
catalog


### 02.09.2019 02:21:14
favicon.ico


### 02.09.2019 02:22:18
catalog


### 02.09.2019 02:22:18
catalog


### 02.09.2019 02:22:18
favicon.ico


### 02.09.2019 02:22:27
catalog


### 02.09.2019 02:22:27
catalog


### 02.09.2019 02:22:27
favicon.ico


### 02.09.2019 02:22:47
catalog


### 02.09.2019 02:22:47
favicon.ico


### 02.09.2019 02:23:22
catalog


### 02.09.2019 02:23:22
favicon.ico


### 02.09.2019 02:25:34
catalog


### 02.09.2019 02:25:34
favicon.ico


### 02.09.2019 02:28:01
catalog


### 02.09.2019 02:28:02
favicon.ico


### 02.09.2019 02:28:13
catalog


### 02.09.2019 02:28:13
favicon.ico


### 02.09.2019 02:28:38
catalog


### 02.09.2019 02:28:38
favicon.ico


### 02.09.2019 02:28:51
index


### 02.09.2019 02:28:51
favicon.ico


### 02.09.2019 02:28:55
feedback


### 02.09.2019 02:28:55
favicon.ico


### 02.09.2019 02:28:57
catalog


### 02.09.2019 02:28:57
favicon.ico


### 02.09.2019 02:29:41
checkout


### 02.09.2019 02:29:41
favicon.ico


### 02.09.2019 02:29:43
catalog


### 02.09.2019 02:29:43
favicon.ico


### 02.09.2019 02:29:47
basket


### 02.09.2019 02:29:47
favicon.ico


### 02.09.2019 02:41:58
basket


### 02.09.2019 02:41:58
img


### 02.09.2019 02:41:58
favicon.ico


### 02.09.2019 02:44:45
basket


### 02.09.2019 02:44:45
img


### 02.09.2019 02:44:45
img


### 02.09.2019 02:44:45
img


### 02.09.2019 02:44:45
img


### 02.09.2019 02:44:45
favicon.ico


### 02.09.2019 02:46:09
basket


### 02.09.2019 02:46:09
img


### 02.09.2019 02:46:09
img


### 02.09.2019 02:46:09
img


### 02.09.2019 02:46:09
img


### 02.09.2019 02:46:09
favicon.ico


### 02.09.2019 02:47:14
basket


### 02.09.2019 02:47:17
favicon.ico


### 02.09.2019 02:48:51
basket


### 02.09.2019 02:48:51
favicon.ico


### 02.09.2019 02:48:54
basket


### 02.09.2019 02:49:06
favicon.ico


### 02.09.2019 02:50:02
basket


### 02.09.2019 02:50:02
favicon.ico


### 02.09.2019 02:50:05
basket


### 02.09.2019 02:50:15
favicon.ico


### 02.09.2019 02:51:30
basket


### 02.09.2019 02:51:41
favicon.ico


### 02.09.2019 02:52:38
basket


### 02.09.2019 02:52:38
favicon.ico


### 02.09.2019 02:52:48
basket


### 02.09.2019 02:52:48
favicon.ico


### 02.09.2019 02:53:09
basket


### 02.09.2019 02:53:09
favicon.ico


### 02.09.2019 02:53:43
index


### 02.09.2019 02:53:43
favicon.ico


### 02.09.2019 02:57:02
index


### 02.09.2019 02:57:02
favicon.ico


### 02.09.2019 02:57:42
basket


### 02.09.2019 02:57:42
favicon.ico


### 02.09.2019 02:58:16
catalog


### 02.09.2019 02:58:16
favicon.ico


### 02.09.2019 03:01:19
catalog


### 02.09.2019 03:01:31
favicon.ico


### 02.09.2019 03:02:42
catalog


### 02.09.2019 03:02:55
favicon.ico


### 02.09.2019 03:03:12
catalog


### 02.09.2019 03:03:12
favicon.ico


### 02.09.2019 03:03:16
index


### 02.09.2019 03:03:16
favicon.ico


### 02.09.2019 03:03:19
feedback


### 02.09.2019 03:03:19
favicon.ico


### 02.09.2019 03:03:21
catalog


### 02.09.2019 03:03:21
favicon.ico


### 02.09.2019 03:03:26
basket


### 02.09.2019 03:03:26
favicon.ico


### 02.09.2019 03:03:49
basket


### 02.09.2019 03:04:00
favicon.ico


### 02.09.2019 03:05:42
basket


### 02.09.2019 03:05:51
favicon.ico


### 02.09.2019 03:06:09
basket


### 02.09.2019 03:06:09
favicon.ico


### 02.09.2019 03:06:30
basket


### 02.09.2019 03:06:30
favicon.ico


### 02.09.2019 03:08:21
basket


### 02.09.2019 03:08:21
favicon.ico


### 02.09.2019 03:08:40
basket


### 02.09.2019 03:08:40
favicon.ico


### 02.09.2019 03:08:49
basket


### 02.09.2019 03:08:49
favicon.ico


### 02.09.2019 03:09:45
catalog


### 02.09.2019 03:09:45
favicon.ico


### 02.09.2019 03:10:09
catalog


### 02.09.2019 03:10:09
favicon.ico


### 02.09.2019 03:11:25
catalog


### 02.09.2019 03:11:26
favicon.ico


### 02.09.2019 03:12:48
feedback


### 02.09.2019 03:12:48
favicon.ico


### 02.09.2019 03:17:30
index


### 02.09.2019 03:17:30
favicon.ico


### 02.09.2019 03:17:33
catalog


### 02.09.2019 03:17:33
favicon.ico


### 02.09.2019 03:17:49
catalog


### 02.09.2019 03:17:49
catalog


### 02.09.2019 03:17:49
catalog


### 02.09.2019 03:17:49
catalog


### 02.09.2019 03:17:49
catalog


### 02.09.2019 03:17:49
catalog


### 02.09.2019 03:17:49
catalog


### 02.09.2019 03:17:49
catalog


### 02.09.2019 03:17:49
catalog


### 02.09.2019 03:17:49
catalog


### 02.09.2019 03:17:49
catalog


### 02.09.2019 03:17:49
catalog


### 02.09.2019 03:17:49
catalog


### 02.09.2019 03:17:49
catalog


### 02.09.2019 03:17:49
favicon.ico


### 02.09.2019 03:19:16
catalog


### 02.09.2019 03:19:16
catalog


### 02.09.2019 03:19:16
catalog


### 02.09.2019 03:19:16
catalog


### 02.09.2019 03:19:16
catalog


### 02.09.2019 03:19:16
catalog


### 02.09.2019 03:19:16
catalog


### 02.09.2019 03:19:16
catalog


### 02.09.2019 03:19:16
catalog


### 02.09.2019 03:19:16
catalog


### 02.09.2019 03:19:16
catalog


### 02.09.2019 03:19:16
catalog


### 02.09.2019 03:19:16
catalog


### 02.09.2019 03:19:16
catalog


### 02.09.2019 03:19:20
catalog


### 02.09.2019 03:19:24
favicon.ico


### 02.09.2019 03:20:19
catalog


### 02.09.2019 03:20:19
catalog


### 02.09.2019 03:20:19
catalog


### 02.09.2019 03:20:19
catalog


### 02.09.2019 03:20:19
catalog


### 02.09.2019 03:20:19
catalog


### 02.09.2019 03:20:19
catalog


### 02.09.2019 03:20:19
catalog


### 02.09.2019 03:20:19
catalog


### 02.09.2019 03:20:19
catalog


### 02.09.2019 03:20:19
catalog


### 02.09.2019 03:20:19
catalog


### 02.09.2019 03:20:19
catalog


### 02.09.2019 03:20:19
catalog


### 02.09.2019 03:20:22
catalog


### 02.09.2019 03:20:26
favicon.ico


### 02.09.2019 03:21:13
catalog


### 02.09.2019 03:21:13
catalog


### 02.09.2019 03:21:13
catalog


### 02.09.2019 03:21:13
catalog


### 02.09.2019 03:21:13
catalog


### 02.09.2019 03:21:13
catalog


### 02.09.2019 03:21:13
catalog


### 02.09.2019 03:21:13
catalog


### 02.09.2019 03:21:13
catalog


### 02.09.2019 03:21:13
catalog


### 02.09.2019 03:21:13
catalog


### 02.09.2019 03:21:13
catalog


### 02.09.2019 03:21:13
catalog


### 02.09.2019 03:21:13
catalog


### 02.09.2019 03:21:18
catalog


### 02.09.2019 03:21:23
favicon.ico


### 03.09.2019 20:25:25
index


### 03.09.2019 20:25:27
favicon.ico


### 03.09.2019 20:25:36
catalog


### 03.09.2019 20:25:36
favicon.ico


### 03.09.2019 20:26:29
index


### 03.09.2019 20:26:30
favicon.ico


### 03.09.2019 20:26:38
catalog


### 03.09.2019 20:26:38
favicon.ico


### 03.09.2019 20:26:45
basket


### 03.09.2019 20:26:45
favicon.ico


### 03.09.2019 20:29:36
basket


### 03.09.2019 20:29:36
favicon.ico


### 03.09.2019 20:29:40
basket


### 03.09.2019 20:29:40
favicon.ico


### 03.09.2019 20:29:45
catalog


### 03.09.2019 20:29:45
favicon.ico


### 03.09.2019 20:29:51
basket


### 03.09.2019 20:29:51
favicon.ico


### 03.09.2019 20:32:58
basket


### 03.09.2019 20:33:02
favicon.ico


### 03.09.2019 20:33:05
catalog


### 03.09.2019 20:33:05
favicon.ico


### 03.09.2019 20:33:15
basket


### 03.09.2019 20:33:15
favicon.ico


### 03.09.2019 20:33:20
catalog


### 03.09.2019 20:33:20
favicon.ico


### 03.09.2019 20:35:09
catalog


### 03.09.2019 20:35:40
favicon.ico


### 03.09.2019 20:35:44
catalog


### 03.09.2019 20:35:45
catalog


### 03.09.2019 20:36:39
favicon.ico


### 03.09.2019 20:41:59
catalog


### 03.09.2019 20:42:09
favicon.ico


### 03.09.2019 20:45:46
catalog


### 03.09.2019 20:45:52
favicon.ico


### 03.09.2019 20:46:19
item


### 03.09.2019 20:46:19
item


### 03.09.2019 20:46:19
item


### 03.09.2019 20:46:19
item


### 03.09.2019 20:46:19
item


### 03.09.2019 20:46:19
favicon.ico


### 03.09.2019 20:46:25
catalog


### 03.09.2019 20:46:25
favicon.ico


### 03.09.2019 20:48:09
catalog


### 03.09.2019 20:48:14
catalog


### 03.09.2019 20:48:34
favicon.ico


### 03.09.2019 20:55:00
catalog


### 03.09.2019 20:55:13
favicon.ico


### 03.09.2019 20:58:54
catalog


### 03.09.2019 20:59:15
favicon.ico


### 03.09.2019 20:59:30
catalog


### 03.09.2019 20:59:31
favicon.ico


### 03.09.2019 21:00:14
basket


### 03.09.2019 21:00:14
favicon.ico


### 03.09.2019 21:00:41
catalog


### 03.09.2019 21:00:41
favicon.ico


### 03.09.2019 21:00:51
basket


### 03.09.2019 21:00:51
favicon.ico


### 03.09.2019 21:00:56
basket


### 03.09.2019 21:00:57
favicon.ico


### 03.09.2019 21:01:34
basket


### 03.09.2019 21:01:34
favicon.ico


### 03.09.2019 21:01:39
catalog


### 03.09.2019 21:01:39
favicon.ico


### 03.09.2019 21:01:44
basket


### 03.09.2019 21:01:44
favicon.ico


### 03.09.2019 21:01:52
catalog


### 03.09.2019 21:01:52
favicon.ico


### 03.09.2019 21:08:13
catalog


### 03.09.2019 21:08:16
favicon.ico


### 03.09.2019 21:08:23
basket


### 03.09.2019 21:08:23
favicon.ico


### 03.09.2019 21:22:42
catalog


### 03.09.2019 21:22:42
favicon.ico


### 03.09.2019 21:25:48
buy


### 03.09.2019 21:25:48
favicon.ico


### 03.09.2019 21:28:22
buy


### 03.09.2019 21:28:22
favicon.ico


### 03.09.2019 21:28:42
buy


### 03.09.2019 21:28:43
favicon.ico


### 03.09.2019 21:29:17
buy


### 03.09.2019 21:29:17
favicon.ico


### 03.09.2019 21:30:19
buy


### 03.09.2019 21:30:19
favicon.ico


### 03.09.2019 21:30:22
buy


### 03.09.2019 21:30:22
favicon.ico


### 03.09.2019 21:30:24
buy


### 03.09.2019 21:30:24
favicon.ico


### 03.09.2019 21:30:37
buy


### 03.09.2019 21:30:37
favicon.ico


### 03.09.2019 21:32:11
buy


### 03.09.2019 21:32:11
favicon.ico


### 03.09.2019 21:32:14
buy


### 03.09.2019 21:32:14
favicon.ico


### 03.09.2019 21:32:47
buy


### 03.09.2019 21:32:47
favicon.ico


### 03.09.2019 21:32:48
buy


### 03.09.2019 21:32:48
favicon.ico


### 03.09.2019 21:32:49
buy


### 03.09.2019 21:32:49
favicon.ico


### 03.09.2019 21:32:49
buy


### 03.09.2019 21:32:50
favicon.ico


### 03.09.2019 21:34:58
buy


### 03.09.2019 21:34:59
favicon.ico


### 03.09.2019 21:38:28
buy


### 03.09.2019 21:38:28
favicon.ico


### 03.09.2019 21:38:36
index


### 03.09.2019 21:38:36
favicon.ico


### 03.09.2019 21:38:39
index


### 03.09.2019 21:38:52
favicon.ico


### 03.09.2019 21:38:57
catalog


### 03.09.2019 21:38:57
favicon.ico


### 03.09.2019 21:39:04
basket


### 03.09.2019 21:39:04
favicon.ico


### 03.09.2019 21:39:37
catalog


### 03.09.2019 21:39:37
favicon.ico


### 03.09.2019 21:39:56
basket


### 03.09.2019 21:39:56
favicon.ico


### 03.09.2019 21:48:00
basket


### 03.09.2019 21:48:00
favicon.ico


### 03.09.2019 21:48:02
basket


### 03.09.2019 21:48:02
favicon.ico


### 03.09.2019 21:48:03
basket


### 03.09.2019 21:48:03
favicon.ico


### 03.09.2019 21:50:27
catalog


### 03.09.2019 21:50:30
favicon.ico


### 03.09.2019 21:50:34
basket


### 03.09.2019 21:50:34
favicon.ico


### 03.09.2019 21:50:41
catalog


### 03.09.2019 21:50:41
favicon.ico


### 03.09.2019 21:50:50
basket


### 03.09.2019 21:50:50
favicon.ico


### 03.09.2019 21:51:50
basket


### 03.09.2019 21:52:03
favicon.ico


### 03.09.2019 21:56:04
basket


### 03.09.2019 21:56:16
favicon.ico


### 03.09.2019 22:06:45
basket


### 03.09.2019 22:07:03
favicon.ico


### 03.09.2019 22:08:33
basket


### 03.09.2019 22:08:43
basket


### 03.09.2019 22:08:54
favicon.ico


### 03.09.2019 22:10:39
basket


### 03.09.2019 22:10:50
basket


### 03.09.2019 22:11:01
favicon.ico


### 03.09.2019 22:13:14
basket


### 03.09.2019 22:13:28
favicon.ico


### 03.09.2019 22:18:01
basket


### 03.09.2019 22:18:14
favicon.ico


### 03.09.2019 22:25:03
favicon.ico


### 03.09.2019 22:25:27
basket


### 03.09.2019 22:25:40
favicon.ico


### 03.09.2019 22:28:21
basket


### 03.09.2019 22:28:31
basket


### 03.09.2019 22:28:41
favicon.ico


### 03.09.2019 22:58:45
basket


### 03.09.2019 22:58:59
favicon.ico


### 03.09.2019 22:59:07
favicon.ico


### 03.09.2019 23:10:16
basket


### 03.09.2019 23:10:25
catalog


### 03.09.2019 23:10:34
favicon.ico


### 03.09.2019 23:11:49
buy1


### 03.09.2019 23:11:49
favicon.ico


### 03.09.2019 23:12:47
buy1


### 03.09.2019 23:12:47
favicon.ico


### 03.09.2019 23:12:53
buy1


### 03.09.2019 23:12:53
favicon.ico


### 03.09.2019 23:14:10
buy1


### 03.09.2019 23:14:10
favicon.ico


### 03.09.2019 23:14:50
buy1


### 03.09.2019 23:14:50
favicon.ico


### 03.09.2019 23:18:21
buy1


### 03.09.2019 23:18:21
favicon.ico


### 03.09.2019 23:19:18
buy1


### 03.09.2019 23:19:18
favicon.ico


### 03.09.2019 23:19:46
buy1


### 03.09.2019 23:19:46
favicon.ico


### 03.09.2019 23:21:09
buy1


### 03.09.2019 23:21:09
favicon.ico


### 03.09.2019 23:21:13
buy1


### 03.09.2019 23:21:13
favicon.ico


### 03.09.2019 23:21:55
buy1


### 03.09.2019 23:21:55
favicon.ico


### 03.09.2019 23:22:25
buy1


### 03.09.2019 23:22:25
favicon.ico


### 03.09.2019 23:22:59
buy1


### 03.09.2019 23:22:59
favicon.ico


### 03.09.2019 23:24:51
buy1


### 03.09.2019 23:25:04
favicon.ico


### 03.09.2019 23:25:21
favicon.ico


### 03.09.2019 23:27:45
buy1


### 03.09.2019 23:27:45
favicon.ico


### 03.09.2019 23:27:47
buy1


### 03.09.2019 23:27:56
catalog


### 03.09.2019 23:28:04
favicon.ico


### 03.09.2019 23:31:54
catalog


### 03.09.2019 23:32:07
favicon.ico


### 03.09.2019 23:36:21
catalog


### 03.09.2019 23:36:32
favicon.ico


### 03.09.2019 23:39:21
catalog


### 03.09.2019 23:39:33
favicon.ico


### 03.09.2019 23:43:19
catalog


### 03.09.2019 23:43:36
favicon.ico


### 03.09.2019 23:44:35
catalog


### 03.09.2019 23:44:50
favicon.ico


### 03.09.2019 23:45:41
buy1


### 03.09.2019 23:45:41
favicon.ico


### 03.09.2019 23:46:15
buy1


### 03.09.2019 23:46:27
favicon.ico


### 03.09.2019 23:46:28
favicon.ico


### 03.09.2019 23:47:08
index


### 03.09.2019 23:47:08
favicon.ico


### 03.09.2019 23:51:42
index


### 03.09.2019 23:51:55
favicon.ico


### 03.09.2019 23:51:59
catalog


### 03.09.2019 23:51:59
favicon.ico


### 03.09.2019 23:52:18
favicon.ico


### 03.09.2019 23:54:17
favicon.ico


### 03.09.2019 23:55:10
index


### 03.09.2019 23:55:10
favicon.ico


### 03.09.2019 23:55:25
favicon.ico


### 03.09.2019 23:55:27
index


### 03.09.2019 23:55:27
favicon.ico


### 03.09.2019 23:55:30
catalog


### 03.09.2019 23:55:30
favicon.ico


### 03.09.2019 23:56:24
catalog


### 03.09.2019 23:56:24
favicon.ico


### 03.09.2019 23:56:56
favicon.ico


### 03.09.2019 23:58:28
catalog


### 03.09.2019 23:58:30
favicon.ico


### 03.09.2019 23:59:53
favicon.ico


### 04.09.2019 00:00:00
catalog


### 04.09.2019 00:00:00
favicon.ico


### 04.09.2019 00:01:46
catalog


### 04.09.2019 00:01:53
basket


### 04.09.2019 00:02:07
favicon.ico


### 04.09.2019 00:05:06
basket


### 04.09.2019 00:05:18
favicon.ico


### 04.09.2019 00:06:03
basket


### 04.09.2019 00:06:15
favicon.ico


### 04.09.2019 00:06:55
catalog


### 04.09.2019 00:06:55
favicon.ico


### 04.09.2019 00:07:25
basket


### 04.09.2019 00:07:25
favicon.ico


### 04.09.2019 19:45:25
index


### 04.09.2019 19:45:27
favicon.ico


### 04.09.2019 19:45:33
basket


### 04.09.2019 19:45:33
favicon.ico


### 04.09.2019 19:45:37
catalog


### 04.09.2019 19:45:37
favicon.ico


### 04.09.2019 19:45:49
basket


### 04.09.2019 19:45:49
favicon.ico


### 04.09.2019 19:46:14
login


### 04.09.2019 19:46:14
index


### 04.09.2019 19:46:15
favicon.ico


### 04.09.2019 19:46:16
basket


### 04.09.2019 19:46:16
favicon.ico


### 04.09.2019 19:48:09
admin


### 04.09.2019 19:48:09
favicon.ico


### 04.09.2019 19:48:41
basket


### 04.09.2019 19:48:41
favicon.ico


### 04.09.2019 19:48:45
index


### 04.09.2019 19:48:45
favicon.ico


### 04.09.2019 19:48:54
feedback


### 04.09.2019 19:48:54
favicon.ico


### 04.09.2019 19:49:25
feedback


### 04.09.2019 19:49:25
feedback


### 04.09.2019 19:49:25
favicon.ico


### 04.09.2019 19:49:35
feedback


### 04.09.2019 19:49:35
feedback


### 04.09.2019 19:49:35
favicon.ico


### 04.09.2019 19:49:45
basket


### 04.09.2019 19:49:45
favicon.ico


### 04.09.2019 20:56:50
basket


### 04.09.2019 20:57:15
favicon.ico


### 04.09.2019 21:00:08
basket


### 04.09.2019 21:00:19
favicon.ico


### 04.09.2019 21:01:20
basket


### 04.09.2019 21:01:31
favicon.ico


### 04.09.2019 21:03:39
basket


### 04.09.2019 21:03:50
favicon.ico


### 04.09.2019 21:05:26
basket


### 04.09.2019 21:05:38
favicon.ico


### 04.09.2019 21:06:37
basket


### 04.09.2019 21:06:50
favicon.ico


### 04.09.2019 21:09:31
basket


### 04.09.2019 21:09:32
favicon.ico


### 04.09.2019 21:09:40
basket


### 04.09.2019 21:09:56
favicon.ico


### 04.09.2019 21:12:59
basket


### 04.09.2019 21:13:00
favicon.ico


### 04.09.2019 21:13:04
basket


### 04.09.2019 21:13:35
favicon.ico


### 04.09.2019 21:13:35
feedback


### 04.09.2019 21:13:44
basket


### 04.09.2019 21:14:56
favicon.ico


### 04.09.2019 21:21:29
basket


### 04.09.2019 21:21:33
favicon.ico


### 04.09.2019 21:24:19
basket


### 04.09.2019 21:24:19
favicon.ico


### 04.09.2019 21:24:28
basket


### 04.09.2019 21:24:28
favicon.ico


### 04.09.2019 21:24:42
catalog


### 04.09.2019 21:24:42
favicon.ico


### 04.09.2019 21:24:58
basket


### 04.09.2019 21:24:59
favicon.ico


### 05.09.2019 20:04:25
basket


### 05.09.2019 20:04:31
favicon.ico


### 05.09.2019 20:04:52
basket


### 05.09.2019 20:05:00
favicon.ico


### 05.09.2019 20:06:29
basket


### 05.09.2019 20:06:35
favicon.ico


### 05.09.2019 20:12:07
basket


### 05.09.2019 20:12:07
favicon.ico


### 05.09.2019 20:27:10
basket


### 05.09.2019 20:27:15
basket


### 05.09.2019 20:27:23
favicon.ico


### 05.09.2019 20:33:55
basket


### 05.09.2019 20:34:06
favicon.ico


### 05.09.2019 20:38:35
basket


### 05.09.2019 20:38:36
favicon.ico


### 05.09.2019 20:42:32
basket


### 05.09.2019 20:42:33
favicon.ico


### 05.09.2019 20:42:39
basket


### 05.09.2019 20:42:39
favicon.ico


### 05.09.2019 20:42:41
basket


### 05.09.2019 20:42:41
favicon.ico


### 05.09.2019 20:43:33
basket


### 05.09.2019 20:43:33
favicon.ico


### 05.09.2019 20:43:37
basket


### 05.09.2019 20:43:37
favicon.ico


### 05.09.2019 20:43:42
basket


### 05.09.2019 20:43:42
favicon.ico


### 05.09.2019 20:43:47
basket


### 05.09.2019 20:43:47
favicon.ico


### 05.09.2019 20:48:31
api


### 05.09.2019 20:48:33
api


### 05.09.2019 20:48:35
basket


### 05.09.2019 20:48:35
favicon.ico


### 05.09.2019 20:50:56
basket


### 05.09.2019 20:50:57
favicon.ico


### 05.09.2019 20:50:58
basket


### 05.09.2019 20:50:59
favicon.ico


### 05.09.2019 20:51:03
api


### 05.09.2019 20:51:07
api


### 05.09.2019 20:51:13
basket


### 05.09.2019 20:51:14
favicon.ico


### 05.09.2019 20:51:52
basket


### 05.09.2019 20:51:52
favicon.ico


### 05.09.2019 20:51:55
api


### 05.09.2019 20:51:58
api


### 05.09.2019 20:52:01
basket


### 05.09.2019 20:52:01
favicon.ico


### 05.09.2019 20:54:32
basket


### 05.09.2019 20:54:34
favicon.ico


### 05.09.2019 20:54:34
basket


### 05.09.2019 20:54:35
favicon.ico


### 05.09.2019 20:54:42
basket


### 05.09.2019 20:54:42
favicon.ico


### 05.09.2019 20:55:25
basket


### 05.09.2019 20:55:25
favicon.ico


### 05.09.2019 21:00:26
basket


### 05.09.2019 21:00:28
favicon.ico


### 05.09.2019 21:00:29
basket


### 05.09.2019 21:00:30
favicon.ico


### 05.09.2019 21:05:43
basket


### 05.09.2019 21:05:44
favicon.ico


### 05.09.2019 21:05:45
basket


### 05.09.2019 21:05:45
favicon.ico


### 05.09.2019 21:05:46
basket


### 05.09.2019 21:05:47
favicon.ico


### 05.09.2019 21:30:00
basket


### 05.09.2019 21:30:04
favicon.ico


### 05.09.2019 21:30:05
basket


### 05.09.2019 21:30:05
favicon.ico


### 05.09.2019 21:30:14
basket


### 05.09.2019 21:30:14
favicon.ico


### 05.09.2019 21:34:38
basket


### 05.09.2019 21:34:39
favicon.ico


### 05.09.2019 21:34:40
basket


### 05.09.2019 21:34:41
favicon.ico


### 05.09.2019 21:47:59
basket


### 05.09.2019 21:48:00
favicon.ico


### 05.09.2019 21:48:00
basket


### 05.09.2019 21:48:01
favicon.ico


### 05.09.2019 21:48:01
basket


### 05.09.2019 21:48:02
favicon.ico


### 05.09.2019 21:48:27
basket


### 05.09.2019 21:48:36
favicon.ico


### 05.09.2019 21:49:20
basket


### 05.09.2019 21:49:20
favicon.ico


### 05.09.2019 21:58:29
basket


### 05.09.2019 21:58:31
favicon.ico


### 05.09.2019 21:58:42
basket


### 05.09.2019 21:58:42
favicon.ico


### 05.09.2019 21:58:51
basket


### 05.09.2019 21:58:51
favicon.ico


### 05.09.2019 21:59:15
basket


### 05.09.2019 21:59:16
favicon.ico


### 05.09.2019 21:59:23
basket


### 05.09.2019 21:59:23
favicon.ico


### 05.09.2019 22:00:22
basket


### 05.09.2019 22:00:23
favicon.ico


### 05.09.2019 22:00:38
basket


### 05.09.2019 22:00:38
favicon.ico


### 05.09.2019 22:01:21
basket


### 05.09.2019 22:01:23
favicon.ico


### 05.09.2019 22:02:10
basket


### 05.09.2019 22:02:10
favicon.ico


### 05.09.2019 22:42:23
admin


### 05.09.2019 22:42:23
favicon.ico


### 05.09.2019 22:42:30
basket


### 05.09.2019 22:42:30
favicon.ico


### 05.09.2019 22:44:59
basket


### 05.09.2019 22:44:59
favicon.ico


### 05.09.2019 22:49:37
basket


### 05.09.2019 22:49:37
favicon.ico


### 05.09.2019 22:49:43
goodsedit


### 05.09.2019 22:49:43
favicon.ico


### 05.09.2019 22:50:49
goodsedit


### 05.09.2019 22:50:49
favicon.ico


### 05.09.2019 22:52:38
goodsedit


### 05.09.2019 22:52:38
favicon.ico


### 05.09.2019 22:53:06
goodsedit


### 05.09.2019 22:53:06
favicon.ico


### 05.09.2019 22:57:43
item


### 05.09.2019 22:57:43
item


### 05.09.2019 22:57:43
item


### 05.09.2019 22:57:43
item


### 05.09.2019 22:57:43
item


### 05.09.2019 22:57:43
favicon.ico


### 05.09.2019 23:01:58
goodsedit


### 05.09.2019 23:01:58
favicon.ico


### 05.09.2019 23:02:00
goodsedit


### 05.09.2019 23:02:12
favicon.ico


### 05.09.2019 23:03:23
goodsedit


### 05.09.2019 23:03:34
favicon.ico


### 05.09.2019 23:04:51
item


### 05.09.2019 23:04:51
item


### 05.09.2019 23:04:51
item


### 05.09.2019 23:04:51
item


### 05.09.2019 23:04:51
item


### 05.09.2019 23:04:52
item


### 05.09.2019 23:04:52
favicon.ico


### 05.09.2019 23:05:59
item


### 05.09.2019 23:05:59
item


### 05.09.2019 23:05:59
item


### 05.09.2019 23:05:59
item


### 05.09.2019 23:05:59
item


### 05.09.2019 23:05:59
favicon.ico


### 05.09.2019 23:07:38
item


### 05.09.2019 23:07:38
item


### 05.09.2019 23:07:38
item


### 05.09.2019 23:07:38
item


### 05.09.2019 23:07:38
item


### 05.09.2019 23:07:38
item


### 05.09.2019 23:07:38
favicon.ico


### 05.09.2019 23:08:44
item


### 05.09.2019 23:08:44
item


### 05.09.2019 23:08:44
item


### 05.09.2019 23:08:44
item


### 05.09.2019 23:08:44
item


### 05.09.2019 23:08:44
favicon.ico


### 05.09.2019 23:09:09
item


### 05.09.2019 23:09:09
item


### 05.09.2019 23:09:09
item


### 05.09.2019 23:09:09
item


### 05.09.2019 23:09:09
item


### 05.09.2019 23:09:09
favicon.ico


### 05.09.2019 23:09:36
item


### 05.09.2019 23:09:36
item


### 05.09.2019 23:09:36
item


### 05.09.2019 23:09:36
item


### 05.09.2019 23:09:36
item


### 05.09.2019 23:09:36
item


### 05.09.2019 23:09:36
favicon.ico


### 05.09.2019 23:17:06
goodsedit


### 05.09.2019 23:17:06
goodsedit


### 05.09.2019 23:17:06
favicon.ico


### 05.09.2019 23:17:07
basket


### 05.09.2019 23:17:07
basket


### 05.09.2019 23:17:07
favicon.ico


### 05.09.2019 23:17:08
basket


### 05.09.2019 23:17:08
favicon.ico


### 05.09.2019 23:17:10
basket


### 05.09.2019 23:17:10
basket


### 05.09.2019 23:17:18
favicon.ico


### 05.09.2019 23:19:24
basket


### 05.09.2019 23:19:24
public


### 05.09.2019 23:19:24
favicon.ico


### 05.09.2019 23:19:25
basket


### 05.09.2019 23:19:25
public


### 05.09.2019 23:19:25
favicon.ico


### 05.09.2019 23:19:25
basket


### 05.09.2019 23:19:25
public


### 05.09.2019 23:19:25
favicon.ico


### 05.09.2019 23:19:25
basket


### 05.09.2019 23:19:25
public


### 05.09.2019 23:19:25
favicon.ico


### 05.09.2019 23:19:26
basket


### 05.09.2019 23:19:27
public


### 05.09.2019 23:19:27
basket


### 05.09.2019 23:19:27
public


### 05.09.2019 23:19:27
basket


### 05.09.2019 23:19:27
public


### 05.09.2019 23:19:37
favicon.ico


### 05.09.2019 23:19:41
index


### 05.09.2019 23:19:41
public


### 05.09.2019 23:19:41
favicon.ico


### 05.09.2019 23:19:47
public


### 05.09.2019 23:20:47
index


### 05.09.2019 23:20:51
favicon.ico


### 05.09.2019 23:20:55
catalog


### 05.09.2019 23:20:55
favicon.ico


### 05.09.2019 23:20:58
item


### 05.09.2019 23:20:58
item


### 05.09.2019 23:20:58
item


### 05.09.2019 23:20:58
item


### 05.09.2019 23:20:58
item


### 05.09.2019 23:20:58
item


### 05.09.2019 23:20:58
favicon.ico


### 05.09.2019 23:21:01
item


### 05.09.2019 23:21:46
item


### 05.09.2019 23:21:46
item


### 05.09.2019 23:21:46
item


### 05.09.2019 23:21:46
item


### 05.09.2019 23:21:49
item


### 05.09.2019 23:21:51
favicon.ico


### 05.09.2019 23:21:55
item


### 05.09.2019 23:21:55
item


### 05.09.2019 23:21:55
item


### 05.09.2019 23:21:55
item


### 05.09.2019 23:22:00
item


### 05.09.2019 23:22:04
favicon.ico


### 05.09.2019 23:22:17
item


### 05.09.2019 23:22:17
item


### 05.09.2019 23:22:17
item


### 05.09.2019 23:22:18
item


### 05.09.2019 23:22:18
public


### 05.09.2019 23:22:18
item


### 05.09.2019 23:22:22
favicon.ico


### 05.09.2019 23:22:24
item


### 05.09.2019 23:22:24
public


### 05.09.2019 23:22:25
item


### 05.09.2019 23:22:25
item


### 05.09.2019 23:22:25
item


### 05.09.2019 23:22:28
item


### 05.09.2019 23:22:30
public


### 05.09.2019 23:22:33
favicon.ico


### 05.09.2019 23:22:57
public


### 05.09.2019 23:22:57
favicon.ico


### 05.09.2019 23:35:18
catalog


### 05.09.2019 23:35:24
favicon.ico


### 05.09.2019 23:35:25
item


### 05.09.2019 23:35:25
item


### 05.09.2019 23:35:25
item


### 05.09.2019 23:35:25
item


### 05.09.2019 23:35:25
item


### 05.09.2019 23:35:26
favicon.ico


### 05.09.2019 23:36:41
item


### 05.09.2019 23:36:41
item


### 05.09.2019 23:36:41
item


### 05.09.2019 23:36:41
item


### 05.09.2019 23:36:41
favicon.ico


### 05.09.2019 23:46:55
feedback


### 05.09.2019 23:46:55
favicon.ico


### 05.09.2019 23:46:59
catalog


### 05.09.2019 23:46:59
favicon.ico


### 05.09.2019 23:47:07
goodsedit


### 05.09.2019 23:47:07
favicon.ico


### 05.09.2019 23:47:10
item


### 05.09.2019 23:47:10
item


### 05.09.2019 23:47:10
item


### 05.09.2019 23:47:10
item


### 05.09.2019 23:47:10
favicon.ico


### 05.09.2019 23:51:27
catalog


### 05.09.2019 23:51:27
favicon.ico


### 05.09.2019 23:51:33
catalog


### 05.09.2019 23:51:48
favicon.ico


### 05.09.2019 23:52:42
goodsedit


### 05.09.2019 23:52:42
favicon.ico


### 05.09.2019 23:52:46
itemedit


### 05.09.2019 23:52:46
itemedit


### 05.09.2019 23:52:46
itemedit


### 05.09.2019 23:52:46
itemedit


### 05.09.2019 23:52:46
favicon.ico


### 05.09.2019 23:53:43
itemedit


### 05.09.2019 23:53:43
itemedit


### 05.09.2019 23:53:43
itemedit


### 05.09.2019 23:53:43
itemedit


### 05.09.2019 23:53:43
favicon.ico


### 05.09.2019 23:54:04
itemedit


### 05.09.2019 23:54:04
itemedit


### 05.09.2019 23:54:04
itemedit


### 05.09.2019 23:54:04
itemedit


### 05.09.2019 23:54:04
favicon.ico


### 05.09.2019 23:54:31
itemedit


### 05.09.2019 23:54:31
itemedit


### 05.09.2019 23:54:31
itemedit


### 05.09.2019 23:54:31
itemedit


### 05.09.2019 23:54:31
favicon.ico


### 05.09.2019 23:55:51
itemedit


### 05.09.2019 23:55:51
itemedit


### 05.09.2019 23:55:51
itemedit


### 05.09.2019 23:55:51
itemedit


### 05.09.2019 23:55:52
favicon.ico


### 05.09.2019 23:56:50
itemedit


### 05.09.2019 23:56:50
itemedit


### 05.09.2019 23:56:50
itemedit


### 05.09.2019 23:56:50
itemedit


### 05.09.2019 23:56:50
favicon.ico


### 06.09.2019 00:09:43
itemedit


### 06.09.2019 00:09:43
itemedit


### 06.09.2019 00:09:43
itemedit


### 06.09.2019 00:09:43
itemedit


### 06.09.2019 00:09:48
itemedit


### 06.09.2019 00:09:56
favicon.ico


### 06.09.2019 00:11:23
itemedit


### 06.09.2019 00:11:23
itemedit


### 06.09.2019 00:11:23
itemedit


### 06.09.2019 00:11:25
itemedit


### 06.09.2019 00:11:27
itemedit


### 06.09.2019 00:11:36
favicon.ico


### 06.09.2019 00:16:19
itemedit


### 06.09.2019 00:16:19
itemedit


### 06.09.2019 00:16:19
itemedit


### 06.09.2019 00:16:21
itemedit


### 06.09.2019 00:16:23
itemedit


### 06.09.2019 00:16:30
favicon.ico


### 06.09.2019 00:25:58
itemedit


### 06.09.2019 00:25:58
itemedit


### 06.09.2019 00:25:58
itemedit


### 06.09.2019 00:26:03
itemedit


### 06.09.2019 00:27:48
itemedit


### 06.09.2019 00:27:48
itemedit


### 06.09.2019 00:27:48
itemedit


### 06.09.2019 00:27:48
itemedit


### 06.09.2019 00:27:53
itemedit


### 06.09.2019 00:27:57
favicon.ico


### 06.09.2019 00:28:47
itemedit


### 06.09.2019 00:28:47
itemedit


### 06.09.2019 00:28:47
itemedit


### 06.09.2019 00:28:47
itemedit


### 06.09.2019 00:28:52
itemedit


### 06.09.2019 00:29:05
favicon.ico


### 06.09.2019 00:30:16
itemedit


### 06.09.2019 00:30:19
itemedit


### 06.09.2019 00:30:19
itemedit


### 06.09.2019 00:30:19
itemedit


### 06.09.2019 00:30:23
itemedit


### 06.09.2019 00:30:31
favicon.ico


### 06.09.2019 00:32:47
itemedit


### 06.09.2019 00:32:47
itemedit


### 06.09.2019 00:32:47
itemedit


### 06.09.2019 00:32:49
itemedit


### 06.09.2019 00:32:51
itemedit


### 06.09.2019 00:32:59
favicon.ico


### 06.09.2019 00:34:58
itemedit


### 06.09.2019 00:34:58
itemedit


### 06.09.2019 00:34:58
itemedit


### 06.09.2019 00:35:00
itemedit


### 06.09.2019 00:35:04
itemedit


### 06.09.2019 00:35:11
favicon.ico


### 06.09.2019 00:35:53
itemedit


### 06.09.2019 00:35:55
itemedit


### 06.09.2019 00:35:55
itemedit


### 06.09.2019 00:35:55
itemedit


### 06.09.2019 00:35:57
itemedit


### 06.09.2019 00:36:05
favicon.ico


### 06.09.2019 00:36:51
itemedit


### 06.09.2019 00:36:51
itemedit


### 06.09.2019 00:36:51
itemedit


### 06.09.2019 00:36:53
itemedit


### 06.09.2019 00:36:56
itemedit


### 06.09.2019 00:37:06
favicon.ico


### 06.09.2019 00:37:47
itemedit


### 06.09.2019 00:37:47
itemedit


### 06.09.2019 00:37:47
itemedit


### 06.09.2019 00:37:51
itemedit


### 06.09.2019 00:37:54
itemedit


### 06.09.2019 00:38:01
favicon.ico


### 06.09.2019 00:38:20
itemedit


### 06.09.2019 00:38:20
itemedit


### 06.09.2019 00:38:20
itemedit


### 06.09.2019 00:38:22
itemedit


### 06.09.2019 00:38:24
itemedit


### 06.09.2019 00:38:31
favicon.ico


### 06.09.2019 00:40:12
itemedit


### 06.09.2019 00:40:12
itemedit


### 06.09.2019 00:40:12
itemedit


### 06.09.2019 00:40:14
itemedit


### 06.09.2019 00:40:17
itemedit


### 06.09.2019 00:40:28
favicon.ico


### 06.09.2019 00:46:50
itemedit


### 06.09.2019 00:46:50
itemedit


### 06.09.2019 00:46:50
itemedit


### 06.09.2019 00:46:55
itemedit


### 06.09.2019 00:46:57
itemedit


### 06.09.2019 00:47:10
favicon.ico


### 06.09.2019 00:50:30
itemedit


### 06.09.2019 00:50:30
itemedit


### 06.09.2019 00:50:30
itemedit


### 06.09.2019 00:50:34
itemedit


### 06.09.2019 00:50:35
itemedit


### 06.09.2019 00:50:43
favicon.ico


### 06.09.2019 00:52:12
itemedit


### 06.09.2019 00:52:12
itemedit


### 06.09.2019 00:52:12
itemedit


### 06.09.2019 00:52:15
itemedit


### 06.09.2019 00:52:18
itemedit


### 06.09.2019 00:52:29
favicon.ico


### 06.09.2019 00:53:40
buy1


### 06.09.2019 00:53:40
favicon.ico


### 06.09.2019 00:54:32
buy1


### 06.09.2019 00:54:32
favicon.ico


### 06.09.2019 00:54:43
buy1


### 06.09.2019 00:54:43
favicon.ico


### 06.09.2019 00:56:48
itemedit


### 06.09.2019 00:56:48
itemedit


### 06.09.2019 00:56:48
itemedit


### 06.09.2019 00:56:48
itemedit


### 06.09.2019 00:56:48
favicon.ico


### 06.09.2019 00:57:04
itemedit


### 06.09.2019 00:57:04
itemedit


### 06.09.2019 00:57:04
itemedit


### 06.09.2019 00:57:08
itemedit


### 06.09.2019 00:57:09
itemedit


### 06.09.2019 00:57:22
favicon.ico


### 06.09.2019 01:06:55
index


### 06.09.2019 01:06:55
favicon.ico


### 06.09.2019 01:06:59
goodsedit


### 06.09.2019 01:06:59
favicon.ico


### 06.09.2019 01:07:04
itemedit


### 06.09.2019 01:07:04
itemedit


### 06.09.2019 01:07:04
itemedit


### 06.09.2019 01:07:04
itemedit


### 06.09.2019 01:07:04
itemedit


### 06.09.2019 01:07:04
favicon.ico


### 06.09.2019 01:09:19
itemedit


### 06.09.2019 01:09:19
itemedit


### 06.09.2019 01:09:19
itemedit


### 06.09.2019 01:09:19
itemedit


### 06.09.2019 01:09:24
itemedit


### 06.09.2019 01:09:31
favicon.ico


### 06.09.2019 01:15:30
itemedit


### 06.09.2019 01:15:31
itemedit


### 06.09.2019 01:15:31
itemedit


### 06.09.2019 01:15:31
itemedit


### 06.09.2019 01:15:36
itemedit


### 06.09.2019 01:15:49
favicon.ico


### 06.09.2019 01:16:11
itemedit


### 06.09.2019 01:16:11
itemedit


### 06.09.2019 01:16:11
itemedit


### 06.09.2019 01:16:12
itemedit


### 06.09.2019 01:16:14
itemedit


### 06.09.2019 01:21:42
favicon.ico


### 06.09.2019 07:51:48
index


### 06.09.2019 07:52:17
favicon.ico


### 06.09.2019 07:58:52
catalog


### 06.09.2019 07:58:52
favicon.ico


### 06.09.2019 07:59:04
login


### 06.09.2019 07:59:04
favicon.ico


### 06.09.2019 07:59:56
login


### 06.09.2019 07:59:56
favicon.ico


### 06.09.2019 08:00:04
index


### 06.09.2019 08:00:04
favicon.ico


### 06.09.2019 08:00:19
goodsedit


### 06.09.2019 08:00:19
favicon.ico


### 06.09.2019 08:00:27
itemedit


### 06.09.2019 08:00:27
itemedit


### 06.09.2019 08:00:27
itemedit


### 06.09.2019 08:00:27
itemedit


### 06.09.2019 08:00:27
itemedit


### 06.09.2019 08:00:27
favicon.ico


### 06.09.2019 08:02:17
itemedit


### 06.09.2019 08:02:17
itemedit


### 06.09.2019 08:02:17
itemedit


### 06.09.2019 08:02:17
itemedit


### 06.09.2019 08:02:24
itemedit


### 06.09.2019 08:02:40
favicon.ico


### 06.09.2019 08:10:46
itemedit


### 06.09.2019 08:10:46
itemedit


### 06.09.2019 08:10:46
itemedit


### 06.09.2019 08:10:46
itemedit


### 06.09.2019 08:10:52
itemedit


### 06.09.2019 08:11:08
favicon.ico


### 06.09.2019 08:15:28
itemedit


### 06.09.2019 08:15:28
itemedit


### 06.09.2019 08:15:28
itemedit


### 06.09.2019 08:15:30
itemedit


### 06.09.2019 08:15:32
itemedit


### 06.09.2019 08:15:40
favicon.ico


### 06.09.2019 18:57:39
index


### 06.09.2019 18:57:41
favicon.ico


### 06.09.2019 18:57:53
login


### 06.09.2019 18:57:53
favicon.ico


### 06.09.2019 18:57:55
index


### 06.09.2019 18:57:55
favicon.ico


### 06.09.2019 18:58:01
basket


### 06.09.2019 18:58:01
favicon.ico


### 06.09.2019 18:58:04
catalog


### 06.09.2019 18:58:04
favicon.ico


### 06.09.2019 18:58:14
basket


### 06.09.2019 18:58:15
favicon.ico


### 06.09.2019 19:06:43
logout


### 06.09.2019 19:06:43
favicon.ico


### 06.09.2019 19:08:10
logout


### 06.09.2019 19:08:10
index


### 06.09.2019 19:08:12
favicon.ico


### 06.09.2019 19:08:17
login


### 06.09.2019 19:08:17
index


### 06.09.2019 19:08:17
favicon.ico


### 06.09.2019 19:08:26
basket


### 06.09.2019 19:08:26
favicon.ico


### 06.09.2019 19:10:57
catalog


### 06.09.2019 19:10:57
favicon.ico


### 06.09.2019 19:11:06
basket


### 06.09.2019 19:11:06
favicon.ico


### 06.09.2019 19:11:35
basket


### 06.09.2019 19:11:36
favicon.ico


### 06.09.2019 19:11:45
basket


### 06.09.2019 19:11:45
favicon.ico


### 06.09.2019 19:11:59
basket


### 06.09.2019 19:11:59
favicon.ico


### 06.09.2019 19:12:25
goodsedit


### 06.09.2019 19:12:25
favicon.ico


### 06.09.2019 19:12:29
itemedit


### 06.09.2019 19:12:29
itemedit


### 06.09.2019 19:12:29
itemedit


### 06.09.2019 19:12:29
itemedit


### 06.09.2019 19:12:29
favicon.ico


### 06.09.2019 19:40:17
basket


### 06.09.2019 19:40:18
favicon.ico


### 06.09.2019 19:53:51
basket


### 06.09.2019 19:53:54
favicon.ico


### 06.09.2019 19:56:04
basket


### 06.09.2019 19:56:06
favicon.ico


### 06.09.2019 20:42:06
basket


### 06.09.2019 20:42:10
favicon.ico


### 06.09.2019 21:28:59
basket


### 06.09.2019 21:29:02
favicon.ico


### 06.09.2019 21:29:56
basket


### 06.09.2019 21:29:56
favicon.ico


### 06.09.2019 21:43:51
basket


### 06.09.2019 21:43:54
favicon.ico


### 06.09.2019 21:45:53
basket


### 06.09.2019 21:45:58
favicon.ico


### 06.09.2019 21:47:02
basket


### 06.09.2019 21:47:03
favicon.ico


### 06.09.2019 21:50:55
basket


### 06.09.2019 21:50:56
favicon.ico


### 06.09.2019 21:50:59
basket


### 06.09.2019 21:50:59
favicon.ico


### 06.09.2019 21:57:46
basket


### 06.09.2019 21:57:48
favicon.ico


### 06.09.2019 21:57:56
basket


### 06.09.2019 21:57:57
favicon.ico


### 06.09.2019 22:08:32
basket


### 06.09.2019 22:08:33
favicon.ico


### 06.09.2019 22:09:52
basket


### 06.09.2019 22:09:54
favicon.ico


### 06.09.2019 22:12:46
basket


### 06.09.2019 22:12:48
favicon.ico


### 06.09.2019 22:16:36
basket


### 06.09.2019 22:16:36
favicon.ico


### 06.09.2019 22:18:28
basket


### 06.09.2019 22:18:30
favicon.ico


### 06.09.2019 22:19:03
basket


### 06.09.2019 22:19:05
favicon.ico


### 06.09.2019 22:25:02
basket


### 06.09.2019 22:25:05
favicon.ico


### 06.09.2019 22:25:27
basket


### 06.09.2019 22:25:29
favicon.ico


### 06.09.2019 22:29:13
basket


### 06.09.2019 22:29:15
favicon.ico


### 06.09.2019 22:30:37
basket


### 06.09.2019 22:30:39
favicon.ico


### 06.09.2019 22:31:51
catalog


### 06.09.2019 22:31:51
favicon.ico


### 06.09.2019 22:32:02
basket


### 06.09.2019 22:32:02
favicon.ico


